#
# There is insufficient memory for the Java Runtime Environment to continue.
# Native memory allocation (mmap) failed to map 65536 bytes. Error detail: Failed to commit metaspace.
# Possible reasons:
#   The system is out of physical RAM or swap space
#   This process is running with CompressedOops enabled, and the Java Heap may be blocking the growth of the native heap
# Possible solutions:
#   Reduce memory load on the system
#   Increase physical memory or swap space
#   Check if swap backing store is full
#   Decrease Java heap size (-Xmx/-Xms)
#   Decrease number of Java threads
#   Decrease Java thread stack sizes (-Xss)
#   Set larger code cache with -XX:ReservedCodeCacheSize=
#   JVM is running with Unscaled Compressed Oops mode in which the Java heap is
#     placed in the first 4GB address space. The Java Heap base address is the
#     maximum limit for the native heap growth. Please use -XX:HeapBaseMinAddress
#     to set the Java Heap base and to place the Java Heap above 4GB virtual address.
# This output file may be truncated or incomplete.
#
#  Out of Memory Error (virtualSpaceNode.cpp:113), pid=6872, tid=1336
#
# JRE version: OpenJDK Runtime Environment Temurin-21.0.8+9 (21.0.8+9) (build 21.0.8+9-LTS)
# Java VM: OpenJDK 64-Bit Server VM Temurin-21.0.8+9 (21.0.8+9-LTS, mixed mode, sharing, tiered, compressed oops, compressed class ptrs, parallel gc, windows-amd64)
# No core dump will be written. Minidumps are not enabled by default on client versions of Windows
#

---------------  S U M M A R Y ------------

Command Line: --add-modules=ALL-SYSTEM --add-opens=java.base/java.util=ALL-UNNAMED --add-opens=java.base/java.lang=ALL-UNNAMED --add-opens=java.base/sun.nio.fs=ALL-UNNAMED -Declipse.application=org.eclipse.jdt.ls.core.id1 -Dosgi.bundles.defaultStartLevel=4 -Declipse.product=org.eclipse.jdt.ls.core.product -Djava.import.generatesMetadataFilesAtProjectRoot=false -DDetectVMInstallationsJob.disabled=true -Dfile.encoding=utf8 -XX:+UseParallelGC -XX:GCTimeRatio=4 -XX:AdaptiveSizePolicyWeight=90 -Dsun.zip.disableMemoryMapping=true -Xmx2G -Xms100m -Xlog:disable -javaagent:c:\Users\Bharat Agro\.vscode\extensions\redhat.java-1.45.0-win32-x64\lombok\lombok-1.18.39-4050.jar -XX:+HeapDumpOnOutOfMemoryError -XX:HeapDumpPath=c:\Users\Bharat Agro\AppData\Roaming\Code\User\workspaceStorage\4e106672c554cb900fdfeed735e6784a\redhat.java -Daether.dependencyCollector.impl=bf c:\Users\Bharat Agro\.vscode\extensions\redhat.java-1.45.0-win32-x64\server\plugins\org.eclipse.equinox.launcher_1.7.0.v20250519-0528.jar -configuration c:\Users\Bharat Agro\AppData\Roaming\Code\User\globalStorage\redhat.java\1.45.0\config_win -data c:\Users\Bharat Agro\AppData\Roaming\Code\User\workspaceStorage\4e106672c554cb900fdfeed735e6784a\redhat.java\jdt_ws --pipe=\\.\pipe\lsp-df49edc1d5bfc750237b34de02bd42dc-sock

Host: Intel(R) Core(TM) i3-3120M CPU @ 2.50GHz, 4 cores, 5G,  Windows 10 , 64 bit Build 19041 (10.0.19041.5915)
Time: Tue Sep 16 15:07:31 2025 India Standard Time elapsed time: 2.390337 seconds (0d 0h 0m 2s)

---------------  T H R E A D  ---------------

Current thread (0x000002101341d850):  JavaThread "main"             [_thread_in_vm, id=1336, stack(0x000000d281000000,0x000000d281100000) (1024K)]

Stack: [0x000000d281000000,0x000000d281100000]
Native frames: (J=compiled Java code, j=interpreted, Vv=VM code, C=native code)
V  [jvm.dll+0x6d2449]
V  [jvm.dll+0x8ae341]
V  [jvm.dll+0x8b08be]
V  [jvm.dll+0x8b0fa3]
V  [jvm.dll+0x280c96]
V  [jvm.dll+0x8aa07e]
V  [jvm.dll+0x6745b5]
V  [jvm.dll+0x67461a]
V  [jvm.dll+0x676e02]
V  [jvm.dll+0x676cd2]
V  [jvm.dll+0x674f8e]
V  [jvm.dll+0x26a9af]
V  [jvm.dll+0x67f1f5]
V  [jvm.dll+0x21695d]
V  [jvm.dll+0x216eda]
V  [jvm.dll+0x217905]
V  [jvm.dll+0x20cece]
V  [jvm.dll+0x5b19dc]
V  [jvm.dll+0x21e5ba]
V  [jvm.dll+0x826c6c]
V  [jvm.dll+0x827c94]
V  [jvm.dll+0x828262]
V  [jvm.dll+0x827ee8]
V  [jvm.dll+0x26e30b]
V  [jvm.dll+0x3d725e]
C  0x000002101db691df

The last pc belongs to new (printed below).
Java frames: (J=compiled Java code, j=interpreted, Vv=VM code)
j  sun.security.x509.PolicyInformation.<init>(Lsun/security/util/DerValue;)V+123 java.base@21.0.8
j  sun.security.x509.CertificatePoliciesExtension.<init>(Ljava/lang/Boolean;Ljava/lang/Object;)V+94 java.base@21.0.8
j  java.lang.invoke.DirectMethodHandle$Holder.newInvokeSpecial(Ljava/lang/Object;Ljava/lang/Object;Ljava/lang/Object;)Ljava/lang/Object;+19 java.base@21.0.8
j  java.lang.invoke.LambdaForm$MH+0x000002102b014800.invoke(Ljava/lang/Object;Ljava/lang/Object;Ljava/lang/Object;)Ljava/lang/Object;+34 java.base@21.0.8
j  java.lang.invoke.Invokers$Holder.invokeExact_MT(Ljava/lang/Object;Ljava/lang/Object;Ljava/lang/Object;Ljava/lang/Object;)Ljava/lang/Object;+20 java.base@21.0.8
j  jdk.internal.reflect.DirectConstructorHandleAccessor.invokeImpl([Ljava/lang/Object;)Ljava/lang/Object;+69 java.base@21.0.8
j  jdk.internal.reflect.DirectConstructorHandleAccessor.newInstance([Ljava/lang/Object;)Ljava/lang/Object;+60 java.base@21.0.8
j  java.lang.reflect.Constructor.newInstanceWithCaller([Ljava/lang/Object;ZLjava/lang/Class;)Ljava/lang/Object;+41 java.base@21.0.8
j  java.lang.reflect.Constructor.newInstance([Ljava/lang/Object;)Ljava/lang/Object;+30 java.base@21.0.8
j  sun.security.x509.CertificateExtensions.parseExtension(Lsun/security/x509/Extension;)V+89 java.base@21.0.8
j  sun.security.x509.CertificateExtensions.init(Lsun/security/util/DerInputStream;)V+29 java.base@21.0.8
j  sun.security.x509.CertificateExtensions.<init>(Lsun/security/util/DerInputStream;)V+25 java.base@21.0.8
j  sun.security.x509.X509CertInfo.parse(Lsun/security/util/DerValue;)V+335 java.base@21.0.8
j  sun.security.x509.X509CertInfo.<init>(Lsun/security/util/DerValue;)V+67 java.base@21.0.8
j  sun.security.x509.X509CertImpl.parse(Lsun/security/util/DerValue;)V+210 java.base@21.0.8
j  sun.security.x509.X509CertImpl.<init>([B)V+45 java.base@21.0.8
j  sun.security.provider.X509Factory.cachedGetX509Cert([B)Lsun/security/x509/X509CertImpl;+22 java.base@21.0.8
j  sun.security.provider.X509Factory.engineGenerateCertificate(Ljava/io/InputStream;)Ljava/security/cert/Certificate;+33 java.base@21.0.8
j  java.security.cert.CertificateFactory.generateCertificate(Ljava/io/InputStream;)Ljava/security/cert/Certificate;+5 java.base@21.0.8
j  sun.security.pkcs.PKCS7.parseSignedData(Lsun/security/util/DerValue;)V+279 java.base@21.0.8
j  sun.security.pkcs.PKCS7.parse(Lsun/security/util/DerInputStream;Z)V+51 java.base@21.0.8
j  sun.security.pkcs.PKCS7.parse(Lsun/security/util/DerInputStream;)V+11 java.base@21.0.8
j  sun.security.pkcs.PKCS7.<init>([B)V+50 java.base@21.0.8
j  sun.security.util.SignatureFileVerifier.<init>(Ljava/util/ArrayList;Lsun/security/util/ManifestDigester;Ljava/lang/String;[B)V+35 java.base@21.0.8
j  java.util.jar.JarVerifier.processEntry(Lsun/security/util/ManifestEntryVerifier;)V+319 java.base@21.0.8
j  java.util.jar.JarVerifier.update(I[BIILsun/security/util/ManifestEntryVerifier;)V+39 java.base@21.0.8
j  java.util.jar.JarFile.initializeVerifier()V+164 java.base@21.0.8
j  java.util.jar.JarFile.ensureInitialization()V+36 java.base@21.0.8
j  java.util.jar.JavaUtilJarAccessImpl.ensureInitialization(Ljava/util/jar/JarFile;)V+1 java.base@21.0.8
j  jdk.internal.loader.URLClassPath$JarLoader$2.getManifest()Ljava/util/jar/Manifest;+10 java.base@21.0.8
j  jdk.internal.loader.BuiltinClassLoader.defineClass(Ljava/lang/String;Ljdk/internal/loader/Resource;)Ljava/lang/Class;+29 java.base@21.0.8
j  jdk.internal.loader.BuiltinClassLoader.findClassOnClassPathOrNull(Ljava/lang/String;)Ljava/lang/Class;+37 java.base@21.0.8
j  jdk.internal.loader.BuiltinClassLoader.loadClassOrNull(Ljava/lang/String;Z)Ljava/lang/Class;+111 java.base@21.0.8
j  jdk.internal.loader.BuiltinClassLoader.loadClass(Ljava/lang/String;Z)Ljava/lang/Class;+3 java.base@21.0.8
j  jdk.internal.loader.ClassLoaders$AppClassLoader.loadClass(Ljava/lang/String;Z)Ljava/lang/Class;+36 java.base@21.0.8
j  java.lang.ClassLoader.loadClass(Ljava/lang/String;)Ljava/lang/Class;+3 java.base@21.0.8
v  ~StubRoutines::call_stub 0x000002101db5100d
j  java.lang.Class.forName0(Ljava/lang/String;ZLjava/lang/ClassLoader;Ljava/lang/Class;)Ljava/lang/Class;+0 java.base@21.0.8
j  java.lang.Class.forName(Ljava/lang/String;ZLjava/lang/ClassLoader;Ljava/lang/Class;)Ljava/lang/Class;+37 java.base@21.0.8
j  java.lang.Class.forName(Ljava/lang/String;ZLjava/lang/ClassLoader;)Ljava/lang/Class;+20 java.base@21.0.8
j  sun.launcher.LauncherHelper.loadMainClass(ILjava/lang/String;)Ljava/lang/Class;+95 java.base@21.0.8
j  sun.launcher.LauncherHelper.checkAndLoadMain(ZILjava/lang/String;)Ljava/lang/Class;+42 java.base@21.0.8
v  ~StubRoutines::call_stub 0x000002101db5100d
new  187 new  [0x000002101db69060, 0x000002101db69268]  520 bytes
[MachCode]
  0x000002101db69060: 4883 ec08 | c5fa 1104 | 24eb 1f48 | 83ec 10c5 | fb11 0424 | eb14 4883 | ec10 4889 | 0424 48c7 
  0x000002101db69080: 4424 0800 | 0000 00eb | 0150 410f | b755 010f | cac1 ea10 | 488b 4de8 | 488b 4908 | 488b 4908 
  0x000002101db690a0: 488b 4108 | 807c 1004 | 070f 85d3 | 0000 0066 | 8b54 d148 | 488b 4928 | 488b 4cd1 | 0851 80b9 
  0x000002101db690c0: 3101 0000 | 040f 85b6 | 0000 008b | 5108 f6c2 | 010f 85aa | 0000 0049 | 8b87 b801 | 0000 488d 
  0x000002101db690e0: 1c10 493b | 9fc8 0100 | 000f 8792 | 0000 0049 | 899f b801 | 0000 4883 | ea10 0f84 | 0f00 0000 
  0x000002101db69100: 33c9 c1ea | 0348 894c | d008 48ff | ca75 f648 | c700 0100 | 0000 5933 | f689 700c | 49ba 0000 
  0x000002101db69120: 002a 1002 | 0000 492b | ca89 4808 | 49ba 57cc | 8188 fd7f | 0000 4180 | 3a00 0f84 | 3c00 0000 
  0x000002101db69140: 5048 8bc8 | 4883 ec20 | 40f6 c40f | 0f84 1900 | 0000 4883 | ec08 48b8 | d08d 2b88 | fd7f 0000 
  0x000002101db69160: ffd0 4883 | c408 e90c | 0000 0048 | b8d0 8d2b | 88fd 7f00 | 00ff d048 | 83c4 2058 | e9cb 0000 
  0x000002101db69180: 0059 488b | 55e8 488b | 5208 488b | 5208 450f | b745 0141 | 0fc8 41c1 | e810 e805 | 0000 00e9 
  0x000002101db691a0: a800 0000 | 488d 4424 | 084c 896d | c049 8bcf | c5f8 7749 | 89af a803 | 0000 4989 | 8798 0300 
  0x000002101db691c0: 0048 83ec | 2040 f6c4 | 0f0f 8419 | 0000 0048 | 83ec 0848 | b810 72f5 | 87fd 7f00 | 00ff d048 
  0x000002101db691e0: 83c4 08e9 | 0c00 0000 | 48b8 1072 | f587 fd7f | 0000 ffd0 | 4883 c420 | 49c7 8798 | 0300 0000 
  0x000002101db69200: 0000 0049 | c787 a803 | 0000 0000 | 0000 49c7 | 87a0 0300 | 0000 0000 | 00c5 f877 | 4983 7f08 
  0x000002101db69220: 000f 8405 | 0000 00e9 | d47c feff | 498b 87f0 | 0300 0049 | c787 f003 | 0000 0000 | 0000 4c8b 
  0x000002101db69240: 6dc0 4c8b | 75c8 4e8d | 74f5 00c3 | 410f b65d | 0349 83c5 | 0349 ba30 | 9484 88fd | 7f00 0041 
  0x000002101db69260: ff24 da0f | 1f44 0000 
[/MachCode]

---------------  P R O C E S S  ---------------

Threads class SMR info:
_java_thread_list=0x000002106bd10630, length=11, elements={
0x000002101341d850, 0x0000021029df6fd0, 0x0000021029df88d0, 0x0000021029dfabf0,
0x0000021029dfbd80, 0x0000021029dffa50, 0x0000021029e004a0, 0x0000021029e012d0,
0x0000021029e74750, 0x00000210134e7400, 0x000002106bd187c0
}

Java Threads: ( => current thread )
=>0x000002101341d850 JavaThread "main"                              [_thread_in_vm, id=1336, stack(0x000000d281000000,0x000000d281100000) (1024K)]
  0x0000021029df6fd0 JavaThread "Reference Handler"          daemon [_thread_blocked, id=5924, stack(0x000000d281400000,0x000000d281500000) (1024K)]
  0x0000021029df88d0 JavaThread "Finalizer"                  daemon [_thread_blocked, id=6516, stack(0x000000d281500000,0x000000d281600000) (1024K)]
  0x0000021029dfabf0 JavaThread "Signal Dispatcher"          daemon [_thread_blocked, id=10348, stack(0x000000d281600000,0x000000d281700000) (1024K)]
  0x0000021029dfbd80 JavaThread "Attach Listener"            daemon [_thread_blocked, id=5728, stack(0x000000d281700000,0x000000d281800000) (1024K)]
  0x0000021029dffa50 JavaThread "Service Thread"             daemon [_thread_blocked, id=10884, stack(0x000000d281800000,0x000000d281900000) (1024K)]
  0x0000021029e004a0 JavaThread "Monitor Deflation Thread"   daemon [_thread_blocked, id=8088, stack(0x000000d281900000,0x000000d281a00000) (1024K)]
  0x0000021029e012d0 JavaThread "C2 CompilerThread0"         daemon [_thread_blocked, id=10948, stack(0x000000d281a00000,0x000000d281b00000) (1024K)]
  0x0000021029e74750 JavaThread "C1 CompilerThread0"         daemon [_thread_in_vm, id=10956, stack(0x000000d281b00000,0x000000d281c00000) (1024K)]
  0x00000210134e7400 JavaThread "Common-Cleaner"             daemon [_thread_blocked, id=10232, stack(0x000000d281c00000,0x000000d281d00000) (1024K)]
  0x000002106bd187c0 JavaThread "Notification Thread"        daemon [_thread_blocked, id=7916, stack(0x000000d281d00000,0x000000d281e00000) (1024K)]
Total: 11

Other Threads:
  0x0000021029ddb1a0 VMThread "VM Thread"                           [id=4900, stack(0x000000d281300000,0x000000d281400000) (1024K)] _threads_hazard_ptr=0x000002106bd10630
  0x00000210134e60e0 WatcherThread "VM Periodic Task Thread"        [id=10908, stack(0x000000d281200000,0x000000d281300000) (1024K)]
  0x000002101343d140 WorkerThread "GC Thread#0"                     [id=7828, stack(0x000000d281100000,0x000000d281200000) (1024K)]
Total: 3

Threads with active compile tasks:
C1 CompilerThread0  4745  650       3       sun.security.util.DerInputStream::getDerValue (76 bytes)
Total: 1

VM state: synchronizing (normal execution)

VM Mutex/Monitor currently owned by a thread:  ([mutex/lock_event])
[0x00007ffd88833458] Metaspace_lock - owner thread: 0x000002101341d850
[0x00007ffd88835458] Threads_lock - owner thread: 0x0000021029ddb1a0

Heap address: 0x0000000080000000, size: 2048 MB, Compressed Oops mode: 32-bit

CDS archive(s) mapped at: [0x000002102a000000-0x000002102aba0000-0x000002102aba0000), size 12189696, SharedBaseAddress: 0x000002102a000000, ArchiveRelocationMode: 1.
Compressed class space mapped at: 0x000002102b000000-0x000002106b000000, reserved size: 1073741824
Narrow klass base: 0x000002102a000000, Narrow klass shift: 0, Narrow klass range: 0x100000000

GC Precious Log:
 CardTable entry size: 512
 CPUs: 4 total, 4 available
 Memory: 5991M
 Large Page Support: Disabled
 NUMA Support: Disabled
 Compressed Oops: Enabled (32-bit)
 Alignments: Space 512K, Generation 512K, Heap 2M
 Heap Min Capacity: 100M
 Heap Initial Capacity: 100M
 Heap Max Capacity: 2G
 Pre-touch: Disabled
 Parallel Workers: 4

Heap:
 PSYoungGen      total 29696K, used 12326K [0x00000000d5580000, 0x00000000d7680000, 0x0000000100000000)
  eden space 25600K, 48% used [0x00000000d5580000,0x00000000d6189850,0x00000000d6e80000)
  from space 4096K, 0% used [0x00000000d7280000,0x00000000d7280000,0x00000000d7680000)
  to   space 4096K, 0% used [0x00000000d6e80000,0x00000000d6e80000,0x00000000d7280000)
 ParOldGen       total 68608K, used 0K [0x0000000080000000, 0x0000000084300000, 0x00000000d5580000)
  object space 68608K, 0% used [0x0000000080000000,0x0000000080000000,0x0000000084300000)
 Metaspace       used 2118K, committed 2304K, reserved 1114112K
  class space    used 209K, committed 320K, reserved 1048576K

Card table byte_map: [0x0000021012dd0000,0x00000210131e0000] _byte_map_base: 0x00000210129d0000

Marking Bits: (ParMarkBitMap*) 0x00007ffd8883a340
 Begin Bits: [0x00000210258d0000, 0x00000210278d0000)
 End Bits:   [0x00000210278d0000, 0x00000210298d0000)

Polling page: 0x0000021011490000

Metaspace:

Usage:
  Non-class:      1.86 MB used.
      Class:    209.26 KB used.
       Both:      2.07 MB used.

Virtual space:
  Non-class space:       64.00 MB reserved,       1.94 MB (  3%) committed,  1 nodes.
      Class space:        1.00 GB reserved,     320.00 KB ( <1%) committed,  1 nodes.
             Both:        1.06 GB reserved,       2.25 MB ( <1%) committed. 

Chunk freelists:
   Non-Class:  11.65 MB
       Class:  15.67 MB
        Both:  27.32 MB

MaxMetaspaceSize: unlimited
CompressedClassSpaceSize: 1.00 GB
Initial GC threshold: 21.00 MB
Current GC threshold: 21.00 MB
CDS: on
 - commit_granule_bytes: 65536.
 - commit_granule_words: 8192.
 - virtual_space_node_default_size: 8388608.
 - enlarge_chunks_in_place: 1.
 - use_allocation_guard: 0.


Internal statistics:

num_allocs_failed_limit: 0.
num_arena_births: 80.
num_arena_deaths: 0.
num_vsnodes_births: 2.
num_vsnodes_deaths: 0.
num_space_committed: 36.
num_space_uncommitted: 0.
num_chunks_returned_to_freelist: 0.
num_chunks_taken_from_freelist: 102.
num_chunk_merges: 0.
num_chunk_splits: 72.
num_chunks_enlarged: 46.
num_inconsistent_stats: 0.

CodeHeap 'non-profiled nmethods': size=120000Kb used=243Kb max_used=243Kb free=119756Kb
 bounds [0x000002101e0f0000, 0x000002101e360000, 0x0000021025620000]
CodeHeap 'profiled nmethods': size=120000Kb used=964Kb max_used=964Kb free=119035Kb
 bounds [0x0000021016620000, 0x0000021016890000, 0x000002101db50000]
CodeHeap 'non-nmethods': size=5760Kb used=1170Kb max_used=1185Kb free=4590Kb
 bounds [0x000002101db50000, 0x000002101ddc0000, 0x000002101e0f0000]
CodeCache: size=245760Kb, used=2377Kb, max_used=2392Kb, free=243381Kb
 total_blobs=1075, nmethods=649, adapters=333, full_count=0
Compilation: enabled, stopped_count=0, restarted_count=0

Compilation events (20 events):
Event: 2.176 Thread 0x0000021029e74750 nmethod 640 0x000002101670c410 code [0x000002101670c660, 0x000002101670cd98]
Event: 2.176 Thread 0x0000021029e74750  641       3       java.lang.ref.SoftReference::get (29 bytes)
Event: 2.176 Thread 0x0000021029e74750 nmethod 641 0x000002101670d090 code [0x000002101670d240, 0x000002101670d3d8]
Event: 2.176 Thread 0x0000021029e74750  642       3       java.lang.reflect.Modifier::isPublic (12 bytes)
Event: 2.176 Thread 0x0000021029e74750 nmethod 642 0x000002101670d490 code [0x000002101670d620, 0x000002101670d760]
Event: 2.177 Thread 0x0000021029e012d0  643   !   4       java.lang.String::replace (258 bytes)
Event: 2.183 Thread 0x0000021029e74750  644       3       java.lang.reflect.Modifier::isProtected (12 bytes)
Event: 2.184 Thread 0x0000021029e74750 nmethod 644 0x000002101670d810 code [0x000002101670d9a0, 0x000002101670dae0]
Event: 2.185 Thread 0x0000021029e74750  645       3       sun.security.util.DerInputStream::<init> (38 bytes)
Event: 2.185 Thread 0x0000021029e74750 nmethod 645 0x000002101670db90 code [0x000002101670dd40, 0x000002101670dee0]
Event: 2.188 Thread 0x0000021029e74750  646       3       java.net.URI::match (56 bytes)
Event: 2.188 Thread 0x0000021029e74750 nmethod 646 0x000002101670df90 code [0x000002101670e140, 0x000002101670e410]
Event: 2.191 Thread 0x0000021029e74750  648       3       sun.security.util.DerValue::data (29 bytes)
Event: 2.191 Thread 0x0000021029e74750 nmethod 648 0x000002101670e490 code [0x000002101670e640, 0x000002101670e810]
Event: 2.192 Thread 0x0000021029e74750  649       3       sun.security.util.DerValue::<init> (445 bytes)
Event: 2.194 Thread 0x0000021029e74750 nmethod 649 0x000002101670e910 code [0x000002101670ed40, 0x00000210167106f8]
Event: 2.194 Thread 0x0000021029e74750  650       3       sun.security.util.DerInputStream::getDerValue (76 bytes)
Event: 2.206 Thread 0x0000021029e012d0 nmethod 643 0x000002101e12b490 code [0x000002101e12b6a0, 0x000002101e12bf40]
Event: 2.206 Thread 0x0000021029e012d0  647       4       java.util.Collections$UnmodifiableCollection$1::next (10 bytes)
Event: 2.217 Thread 0x0000021029e012d0 nmethod 647 0x000002101e12c610 code [0x000002101e12c7c0, 0x000002101e12cb70]

GC Heap History (0 events):
No events

Dll operation events (8 events):
Event: 0.017 Loaded shared library c:\Users\Bharat Agro\.vscode\extensions\redhat.java-1.45.0-win32-x64\jre\21.0.8-win32-x86_64\bin\java.dll
Event: 0.503 Loaded shared library c:\Users\Bharat Agro\.vscode\extensions\redhat.java-1.45.0-win32-x64\jre\21.0.8-win32-x86_64\bin\zip.dll
Event: 0.571 Loaded shared library C:\Users\Bharat Agro\.vscode\extensions\redhat.java-1.45.0-win32-x64\jre\21.0.8-win32-x86_64\bin\instrument.dll
Event: 0.581 Loaded shared library C:\Users\Bharat Agro\.vscode\extensions\redhat.java-1.45.0-win32-x64\jre\21.0.8-win32-x86_64\bin\net.dll
Event: 0.585 Loaded shared library C:\Users\Bharat Agro\.vscode\extensions\redhat.java-1.45.0-win32-x64\jre\21.0.8-win32-x86_64\bin\nio.dll
Event: 0.595 Loaded shared library C:\Users\Bharat Agro\.vscode\extensions\redhat.java-1.45.0-win32-x64\jre\21.0.8-win32-x86_64\bin\zip.dll
Event: 0.744 Loaded shared library C:\Users\Bharat Agro\.vscode\extensions\redhat.java-1.45.0-win32-x64\jre\21.0.8-win32-x86_64\bin\jimage.dll
Event: 1.031 Loaded shared library c:\Users\Bharat Agro\.vscode\extensions\redhat.java-1.45.0-win32-x64\jre\21.0.8-win32-x86_64\bin\verify.dll

Deoptimization events (20 events):
Event: 1.795 Thread 0x000002101341d850 DEOPT PACKING pc=0x0000021016658a58 sp=0x000000d2810f9a90
Event: 1.795 Thread 0x000002101341d850 DEOPT UNPACKING pc=0x000002101dba4242 sp=0x000000d2810f8f50 mode 0
Event: 1.796 Thread 0x000002101341d850 DEOPT PACKING pc=0x0000021016658a58 sp=0x000000d2810f9a90
Event: 1.796 Thread 0x000002101341d850 DEOPT UNPACKING pc=0x000002101dba4242 sp=0x000000d2810f8f50 mode 0
Event: 1.803 Thread 0x000002101341d850 DEOPT PACKING pc=0x0000021016658a58 sp=0x000000d2810fb190
Event: 1.803 Thread 0x000002101341d850 DEOPT UNPACKING pc=0x000002101dba4242 sp=0x000000d2810fa650 mode 0
Event: 1.804 Thread 0x000002101341d850 DEOPT PACKING pc=0x0000021016658a58 sp=0x000000d2810fb120
Event: 1.804 Thread 0x000002101341d850 DEOPT UNPACKING pc=0x000002101dba4242 sp=0x000000d2810fa5e0 mode 0
Event: 1.809 Thread 0x000002101341d850 DEOPT PACKING pc=0x0000021016658a58 sp=0x000000d2810fbc60
Event: 1.809 Thread 0x000002101341d850 DEOPT UNPACKING pc=0x000002101dba4242 sp=0x000000d2810fb120 mode 0
Event: 1.811 Thread 0x000002101341d850 DEOPT PACKING pc=0x000002101665897f sp=0x000000d2810fc400
Event: 1.811 Thread 0x000002101341d850 DEOPT UNPACKING pc=0x000002101dba4242 sp=0x000000d2810fb8b0 mode 0
Event: 2.172 Thread 0x000002101341d850 Uncommon trap: trap_request=0xffffff45 fr.pc=0x000002101e1251fc relative=0x000000000000015c
Event: 2.172 Thread 0x000002101341d850 Uncommon trap: reason=unstable_if action=reinterpret pc=0x000002101e1251fc method=jdk.internal.util.ArraysSupport.vectorizedHashCode(Ljava/lang/Object;IIII)I @ 2 c2
Event: 2.172 Thread 0x000002101341d850 DEOPT PACKING pc=0x000002101e1251fc sp=0x000000d2810fcfc0
Event: 2.172 Thread 0x000002101341d850 DEOPT UNPACKING pc=0x000002101dba3aa2 sp=0x000000d2810fcf70 mode 2
Event: 2.187 Thread 0x000002101341d850 Uncommon trap: trap_request=0xffffff45 fr.pc=0x000002101e113550 relative=0x00000000000000b0
Event: 2.187 Thread 0x000002101341d850 Uncommon trap: reason=unstable_if action=reinterpret pc=0x000002101e113550 method=java.net.URI.match(CJJ)Z @ 45 c2
Event: 2.187 Thread 0x000002101341d850 DEOPT PACKING pc=0x000002101e113550 sp=0x000000d2810fd260
Event: 2.187 Thread 0x000002101341d850 DEOPT UNPACKING pc=0x000002101dba3aa2 sp=0x000000d2810fd1c8 mode 2

Classes loaded (20 events):
Event: 2.186 Loading class sun/security/x509/AuthorityInfoAccessExtension done
Event: 2.186 Loading class sun/security/x509/AccessDescription
Event: 2.186 Loading class sun/security/x509/AccessDescription done
Event: 2.187 Loading class sun/security/x509/GeneralName
Event: 2.187 Loading class sun/security/x509/GeneralName done
Event: 2.187 Loading class sun/security/x509/URIName
Event: 2.187 Loading class sun/security/x509/URIName done
Event: 2.187 Loading class sun/security/x509/DNSName
Event: 2.188 Loading class sun/security/x509/DNSName done
Event: 2.188 Loading class sun/security/x509/CRLDistributionPointsExtension
Event: 2.188 Loading class sun/security/x509/CRLDistributionPointsExtension done
Event: 2.189 Loading class sun/security/x509/DistributionPoint
Event: 2.189 Loading class sun/security/x509/DistributionPoint done
Event: 2.190 Loading class sun/security/x509/CertificatePoliciesExtension
Event: 2.190 Loading class sun/security/x509/CertificatePoliciesExtension done
Event: 2.191 Loading class sun/security/x509/PolicyInformation
Event: 2.191 Loading class sun/security/x509/PolicyInformation done
Event: 2.191 Loading class sun/security/x509/CertificatePolicyId
Event: 2.191 Loading class sun/security/x509/CertificatePolicyId done
Event: 2.192 Loading class java/security/cert/PolicyQualifierInfo

Classes unloaded (0 events):
No events

Classes redefined (0 events):
No events

Internal exceptions (12 events):
Event: 0.449 Thread 0x000002101341d850 Exception <a 'java/lang/NoSuchMethodError'{0x00000000d57a9f58}: 'void java.lang.invoke.DirectMethodHandle$Holder.invokeStatic(java.lang.Object, java.lang.Object, java.lang.Object)'> (0x00000000d57a9f58) 
thrown [s\src\hotspot\share\interpreter\linkResolver.cpp, line 773]
Event: 0.707 Thread 0x000002101341d850 Exception <a 'java/lang/NoSuchMethodError'{0x00000000d59131c0}: 'java.lang.Object java.lang.invoke.Invokers$Holder.invokeExact_MT(java.lang.Object, java.lang.Object, java.lang.Object, java.lang.Object, java.lang.Object)'> (0x00000000d59131c0) 
thrown [s\src\hotspot\share\interpreter\linkResolver.cpp, line 773]
Event: 0.854 Thread 0x000002101341d850 Exception <a 'java/lang/NoSuchMethodError'{0x00000000d59ce150}: 'int java.lang.invoke.DirectMethodHandle$Holder.invokeSpecial(java.lang.Object, java.lang.Object, java.lang.Object, int)'> (0x00000000d59ce150) 
thrown [s\src\hotspot\share\interpreter\linkResolver.cpp, line 773]
Event: 0.886 Thread 0x000002101341d850 Exception <a 'java/lang/NoSuchMethodError'{0x00000000d59e0b38}: 'java.lang.Object java.lang.invoke.DirectMethodHandle$Holder.invokeStatic(java.lang.Object, java.lang.Object, java.lang.Object, java.lang.Object, int)'> (0x00000000d59e0b38) 
thrown [s\src\hotspot\share\interpreter\linkResolver.cpp, line 773]
Event: 0.890 Thread 0x000002101341d850 Exception <a 'java/lang/NoSuchMethodError'{0x00000000d59ebf78}: 'void java.lang.invoke.DelegatingMethodHandle$Holder.reinvoke_L(java.lang.Object, java.lang.Object, java.lang.Object, int, java.lang.Object)'> (0x00000000d59ebf78) 
thrown [s\src\hotspot\share\interpreter\linkResolver.cpp, line 773]
Event: 0.891 Thread 0x000002101341d850 Exception <a 'java/lang/NoSuchMethodError'{0x00000000d59ef9b0}: 'int java.lang.invoke.DirectMethodHandle$Holder.invokeSpecial(java.lang.Object, java.lang.Object, java.lang.Object)'> (0x00000000d59ef9b0) 
thrown [s\src\hotspot\share\interpreter\linkResolver.cpp, line 773]
Event: 0.910 Thread 0x000002101341d850 Exception <a 'java/lang/NoSuchMethodError'{0x00000000d5a086a0}: 'java.lang.Object java.lang.invoke.DirectMethodHandle$Holder.invokeStatic(java.lang.Object, java.lang.Object, int)'> (0x00000000d5a086a0) 
thrown [s\src\hotspot\share\interpreter\linkResolver.cpp, line 773]
Event: 0.916 Thread 0x000002101341d850 Exception <a 'java/lang/NoSuchMethodError'{0x00000000d5a0cff0}: 'void java.lang.invoke.DirectMethodHandle$Holder.invokeStatic(java.lang.Object, java.lang.Object, int, java.lang.Object)'> (0x00000000d5a0cff0) 
thrown [s\src\hotspot\share\interpreter\linkResolver.cpp, line 773]
Event: 0.919 Thread 0x000002101341d850 Exception <a 'java/lang/NoSuchMethodError'{0x00000000d5a10b80}: 'void java.lang.invoke.DirectMethodHandle$Holder.invokeSpecial(java.lang.Object, java.lang.Object, java.lang.Object, int, java.lang.Object)'> (0x00000000d5a10b80) 
thrown [s\src\hotspot\share\interpreter\linkResolver.cpp, line 773]
Event: 0.921 Thread 0x000002101341d850 Exception <a 'java/lang/NoSuchMethodError'{0x00000000d5a14248}: 'void java.lang.invoke.DelegatingMethodHandle$Holder.delegate(java.lang.Object, java.lang.Object, int, java.lang.Object)'> (0x00000000d5a14248) 
thrown [s\src\hotspot\share\interpreter\linkResolver.cpp, line 773]
Event: 1.188 Thread 0x000002101341d850 Exception <a 'java/lang/NoSuchMethodError'{0x00000000d5be0210}: 'void java.lang.invoke.DelegatingMethodHandle$Holder.reinvoke_L(java.lang.Object, java.lang.Object, java.lang.Object, int)'> (0x00000000d5be0210) 
thrown [s\src\hotspot\share\interpreter\linkResolver.cpp, line 773]
Event: 2.114 Thread 0x000002101341d850 Exception <a 'java/lang/NoSuchMethodError'{0x00000000d607d0d0}: 'void java.lang.invoke.DirectMethodHandle$Holder.invokeVirtual(java.lang.Object, java.lang.Object)'> (0x00000000d607d0d0) 
thrown [s\src\hotspot\share\interpreter\linkResolver.cpp, line 773]

ZGC Phase Switch (0 events):
No events

VM Operations (6 events):
Event: 0.488 Executing VM operation: HandshakeAllThreads (Deoptimize)
Event: 0.488 Executing VM operation: HandshakeAllThreads (Deoptimize) done
Event: 0.786 Executing VM operation: HandshakeAllThreads (Deoptimize)
Event: 0.786 Executing VM operation: HandshakeAllThreads (Deoptimize) done
Event: 1.791 Executing VM operation: Cleanup
Event: 1.791 Executing VM operation: Cleanup done

Memory protections (0 events):
No events

Nmethod flushes (0 events):
No events

Events (11 events):
Event: 0.064 Thread 0x000002101341d850 Thread added: 0x000002101341d850
Event: 0.155 Thread 0x000002101341d850 Thread added: 0x0000021029df6fd0
Event: 0.156 Thread 0x000002101341d850 Thread added: 0x0000021029df88d0
Event: 0.156 Thread 0x000002101341d850 Thread added: 0x0000021029dfabf0
Event: 0.156 Thread 0x000002101341d850 Thread added: 0x0000021029dfbd80
Event: 0.156 Thread 0x000002101341d850 Thread added: 0x0000021029dffa50
Event: 0.157 Thread 0x000002101341d850 Thread added: 0x0000021029e004a0
Event: 0.157 Thread 0x000002101341d850 Thread added: 0x0000021029e012d0
Event: 0.171 Thread 0x000002101341d850 Thread added: 0x0000021029e74750
Event: 0.362 Thread 0x000002101341d850 Thread added: 0x00000210134e7400
Event: 1.593 Thread 0x000002101341d850 Thread added: 0x000002106bd187c0


Dynamic libraries:
0x00007ff7376e0000 - 0x00007ff7376ee000 	c:\Users\Bharat Agro\.vscode\extensions\redhat.java-1.45.0-win32-x64\jre\21.0.8-win32-x86_64\bin\java.exe
0x00007ffdd4dd0000 - 0x00007ffdd4fc8000 	C:\Windows\SYSTEM32\ntdll.dll
0x00007ffdd4200000 - 0x00007ffdd42c2000 	C:\Windows\System32\KERNEL32.DLL
0x00007ffdd2b00000 - 0x00007ffdd2df6000 	C:\Windows\System32\KERNELBASE.dll
0x00007ffdd24a0000 - 0x00007ffdd25a0000 	C:\Windows\System32\ucrtbase.dll
0x00007ffdabeb0000 - 0x00007ffdabec8000 	c:\Users\Bharat Agro\.vscode\extensions\redhat.java-1.45.0-win32-x64\jre\21.0.8-win32-x86_64\bin\jli.dll
0x00007ffdd3160000 - 0x00007ffdd32fd000 	C:\Windows\System32\USER32.dll
0x00007ffdd2470000 - 0x00007ffdd2492000 	C:\Windows\System32\win32u.dll
0x00007ffdd3400000 - 0x00007ffdd342b000 	C:\Windows\System32\GDI32.dll
0x00007ffdd26f0000 - 0x00007ffdd2809000 	C:\Windows\System32\gdi32full.dll
0x00007ffdd25a0000 - 0x00007ffdd263d000 	C:\Windows\System32\msvcp_win.dll
0x00007ffdaae60000 - 0x00007ffdaae7e000 	c:\Users\Bharat Agro\.vscode\extensions\redhat.java-1.45.0-win32-x64\jre\21.0.8-win32-x86_64\bin\VCRUNTIME140.dll
0x00007ffdc4b60000 - 0x00007ffdc4dfb000 	C:\Windows\WinSxS\amd64_microsoft.windows.common-controls_6595b64144ccf1df_6.0.19041.6280_none_60bc30a171f2f3f3\COMCTL32.dll
0x00007ffdd3e00000 - 0x00007ffdd3e9e000 	C:\Windows\System32\msvcrt.dll
0x00007ffdd3600000 - 0x00007ffdd362f000 	C:\Windows\System32\IMM32.DLL
0x00007ffdbea70000 - 0x00007ffdbea7c000 	c:\Users\Bharat Agro\.vscode\extensions\redhat.java-1.45.0-win32-x64\jre\21.0.8-win32-x86_64\bin\vcruntime140_1.dll
0x00007ffda6190000 - 0x00007ffda621d000 	c:\Users\Bharat Agro\.vscode\extensions\redhat.java-1.45.0-win32-x64\jre\21.0.8-win32-x86_64\bin\msvcp140.dll
0x00007ffd87b80000 - 0x00007ffd88917000 	c:\Users\Bharat Agro\.vscode\extensions\redhat.java-1.45.0-win32-x64\jre\21.0.8-win32-x86_64\bin\server\jvm.dll
0x00007ffdd4020000 - 0x00007ffdd40d1000 	C:\Windows\System32\ADVAPI32.dll
0x00007ffdd4c00000 - 0x00007ffdd4c9f000 	C:\Windows\System32\sechost.dll
0x00007ffdd40e0000 - 0x00007ffdd4200000 	C:\Windows\System32\RPCRT4.dll
0x00007ffdd29c0000 - 0x00007ffdd29e7000 	C:\Windows\System32\bcrypt.dll
0x00007ffdd3fb0000 - 0x00007ffdd401b000 	C:\Windows\System32\WS2_32.dll
0x00007ffdd22d0000 - 0x00007ffdd231b000 	C:\Windows\SYSTEM32\POWRPROF.dll
0x00007ffdc4e00000 - 0x00007ffdc4e27000 	C:\Windows\SYSTEM32\WINMM.dll
0x00007ffdc4e30000 - 0x00007ffdc4e3a000 	C:\Windows\SYSTEM32\VERSION.dll
0x00007ffdd22b0000 - 0x00007ffdd22c2000 	C:\Windows\SYSTEM32\UMPDC.dll
0x00007ffdd02f0000 - 0x00007ffdd0302000 	C:\Windows\SYSTEM32\kernel.appcore.dll
0x00007ffdbe9c0000 - 0x00007ffdbe9ca000 	c:\Users\Bharat Agro\.vscode\extensions\redhat.java-1.45.0-win32-x64\jre\21.0.8-win32-x86_64\bin\jimage.dll
0x00007ffdc4e50000 - 0x00007ffdc5051000 	C:\Windows\SYSTEM32\DBGHELP.DLL
0x00007ffdc28b0000 - 0x00007ffdc28e4000 	C:\Windows\SYSTEM32\dbgcore.DLL
0x00007ffdd2a70000 - 0x00007ffdd2af2000 	C:\Windows\System32\bcryptPrimitives.dll
0x00007ffdbe8d0000 - 0x00007ffdbe8df000 	c:\Users\Bharat Agro\.vscode\extensions\redhat.java-1.45.0-win32-x64\jre\21.0.8-win32-x86_64\bin\instrument.dll
0x00007ffdaae40000 - 0x00007ffdaae5f000 	c:\Users\Bharat Agro\.vscode\extensions\redhat.java-1.45.0-win32-x64\jre\21.0.8-win32-x86_64\bin\java.dll
0x00007ffdd3690000 - 0x00007ffdd3e00000 	C:\Windows\System32\SHELL32.dll
0x00007ffdd04f0000 - 0x00007ffdd0c95000 	C:\Windows\SYSTEM32\windows.storage.dll
0x00007ffdd2e00000 - 0x00007ffdd3153000 	C:\Windows\System32\combase.dll
0x00007ffdd1dd0000 - 0x00007ffdd1dfb000 	C:\Windows\SYSTEM32\Wldp.dll
0x00007ffdd42d0000 - 0x00007ffdd439d000 	C:\Windows\System32\OLEAUT32.dll
0x00007ffdd4680000 - 0x00007ffdd472d000 	C:\Windows\System32\SHCORE.dll
0x00007ffdd3630000 - 0x00007ffdd368b000 	C:\Windows\System32\shlwapi.dll
0x00007ffdd23a0000 - 0x00007ffdd23c4000 	C:\Windows\SYSTEM32\profapi.dll
0x00007ffdbe990000 - 0x00007ffdbe9a8000 	c:\Users\Bharat Agro\.vscode\extensions\redhat.java-1.45.0-win32-x64\jre\21.0.8-win32-x86_64\bin\zip.dll
0x00007ffdbe1d0000 - 0x00007ffdbe1e0000 	C:\Users\Bharat Agro\.vscode\extensions\redhat.java-1.45.0-win32-x64\jre\21.0.8-win32-x86_64\bin\net.dll
0x00007ffdc8020000 - 0x00007ffdc812a000 	C:\Windows\SYSTEM32\WINHTTP.dll
0x00007ffdd1b30000 - 0x00007ffdd1b9a000 	C:\Windows\system32\mswsock.dll
0x00007ffdb7160000 - 0x00007ffdb7176000 	C:\Users\Bharat Agro\.vscode\extensions\redhat.java-1.45.0-win32-x64\jre\21.0.8-win32-x86_64\bin\nio.dll
0x00007ffdb7150000 - 0x00007ffdb7160000 	c:\Users\Bharat Agro\.vscode\extensions\redhat.java-1.45.0-win32-x64\jre\21.0.8-win32-x86_64\bin\verify.dll

JVMTI agents:
c:\Users\Bharat Agro\.vscode\extensions\redhat.java-1.45.0-win32-x64\lombok\lombok-1.18.39-4050.jar path:c:\Users\Bharat Agro\.vscode\extensions\redhat.java-1.45.0-win32-x64\jre\21.0.8-win32-x86_64\bin\instrument.dll, loaded, initialized, instrumentlib options:none

dbghelp: loaded successfully - version: 4.0.5 - missing functions: none
symbol engine: initialized successfully - sym options: 0x614 - pdb path: .;c:\Users\Bharat Agro\.vscode\extensions\redhat.java-1.45.0-win32-x64\jre\21.0.8-win32-x86_64\bin;C:\Windows\SYSTEM32;C:\Windows\WinSxS\amd64_microsoft.windows.common-controls_6595b64144ccf1df_6.0.19041.6280_none_60bc30a171f2f3f3;c:\Users\Bharat Agro\.vscode\extensions\redhat.java-1.45.0-win32-x64\jre\21.0.8-win32-x86_64\bin\server

VM Arguments:
jvm_args: --add-modules=ALL-SYSTEM --add-opens=java.base/java.util=ALL-UNNAMED --add-opens=java.base/java.lang=ALL-UNNAMED --add-opens=java.base/sun.nio.fs=ALL-UNNAMED -Declipse.application=org.eclipse.jdt.ls.core.id1 -Dosgi.bundles.defaultStartLevel=4 -Declipse.product=org.eclipse.jdt.ls.core.product -Djava.import.generatesMetadataFilesAtProjectRoot=false -DDetectVMInstallationsJob.disabled=true -Dfile.encoding=utf8 -XX:+UseParallelGC -XX:GCTimeRatio=4 -XX:AdaptiveSizePolicyWeight=90 -Dsun.zip.disableMemoryMapping=true -Xmx2G -Xms100m -Xlog:disable -javaagent:c:\Users\Bharat Agro\.vscode\extensions\redhat.java-1.45.0-win32-x64\lombok\lombok-1.18.39-4050.jar -XX:+HeapDumpOnOutOfMemoryError -XX:HeapDumpPath=c:\Users\Bharat Agro\AppData\Roaming\Code\User\workspaceStorage\4e106672c554cb900fdfeed735e6784a\redhat.java -Daether.dependencyCollector.impl=bf 
java_command: c:\Users\Bharat Agro\.vscode\extensions\redhat.java-1.45.0-win32-x64\server\plugins\org.eclipse.equinox.launcher_1.7.0.v20250519-0528.jar -configuration c:\Users\Bharat Agro\AppData\Roaming\Code\User\globalStorage\redhat.java\1.45.0\config_win -data c:\Users\Bharat Agro\AppData\Roaming\Code\User\workspaceStorage\4e106672c554cb900fdfeed735e6784a\redhat.java\jdt_ws --pipe=\\.\pipe\lsp-df49edc1d5bfc750237b34de02bd42dc-sock
java_class_path (initial): c:\Users\Bharat Agro\.vscode\extensions\redhat.java-1.45.0-win32-x64\server\plugins\org.eclipse.equinox.launcher_1.7.0.v20250519-0528.jar
Launcher Type: SUN_STANDARD

[Global flags]
    uintx AdaptiveSizePolicyWeight                 = 90                                        {product} {command line}
     intx CICompilerCount                          = 3                                         {product} {ergonomic}
    uintx GCTimeRatio                              = 4                                         {product} {command line}
     bool HeapDumpOnOutOfMemoryError               = true                                   {manageable} {command line}
    ccstr HeapDumpPath                             = c:\Users\Bharat Agro\AppData\Roaming\Code\User\workspaceStorage\4e106672c554cb900fdfeed735e6784a\redhat.java         {manageable} {command line}
   size_t InitialHeapSize                          = 104857600                                 {product} {command line}
   size_t MaxHeapSize                              = 2147483648                                {product} {command line}
   size_t MaxNewSize                               = 715653120                                 {product} {ergonomic}
   size_t MinHeapDeltaBytes                        = 524288                                    {product} {ergonomic}
   size_t MinHeapSize                              = 104857600                                 {product} {command line}
   size_t NewSize                                  = 34603008                                  {product} {ergonomic}
    uintx NonNMethodCodeHeapSize                   = 5832780                                {pd product} {ergonomic}
    uintx NonProfiledCodeHeapSize                  = 122912730                              {pd product} {ergonomic}
   size_t OldSize                                  = 70254592                                  {product} {ergonomic}
    uintx ProfiledCodeHeapSize                     = 122912730                              {pd product} {ergonomic}
    uintx ReservedCodeCacheSize                    = 251658240                              {pd product} {ergonomic}
     bool SegmentedCodeCache                       = true                                      {product} {ergonomic}
   size_t SoftMaxHeapSize                          = 2147483648                             {manageable} {ergonomic}
     bool UseCompressedOops                        = true                           {product lp64_product} {ergonomic}
     bool UseLargePagesIndividualAllocation        = false                                  {pd product} {ergonomic}
     bool UseParallelGC                            = true                                      {product} {command line}

Logging:
Log output configuration:
 #0: stdout all=off uptime,level,tags foldmultilines=false
 #1: stderr all=off uptime,level,tags foldmultilines=false

Environment Variables:
PATH=C:\Program Files\Common Files\Oracle\Java\javapath;C:\Windows\system32;C:\Windows;C:\Windows\System32\Wbem;C:\Windows\System32\WindowsPowerShell\v1.0\;C:\Windows\System32\OpenSSH\;C:\Users\Bharat Agro\AppData\Local\Microsoft\WindowsApps;C:\Users\Bharat Agro\AppData\Local\Programs\Microsoft VS Code\bin;C:\Users\Bharat Agro\AppData\Local\GitHubDesktop\bin;C:\msys64\ucrt64\bin;
USERNAME=Bharat Agro
OS=Windows_NT
PROCESSOR_IDENTIFIER=Intel64 Family 6 Model 58 Stepping 9, GenuineIntel
TMP=C:\Users\BHARAT~1\AppData\Local\Temp
TEMP=C:\Users\BHARAT~1\AppData\Local\Temp




Periodic native trim disabled

---------------  S Y S T E M  ---------------

OS:
 Windows 10 , 64 bit Build 19041 (10.0.19041.5915)
OS uptime: 0 days 0:31 hours

CPU: total 4 (initial active 4) (2 cores per cpu, 2 threads per core) family 6 model 58 stepping 9 microcode 0x21, cx8, cmov, fxsr, ht, mmx, sse, sse2, sse3, ssse3, sse4.1, sse4.2, popcnt, tsc, tscinvbit, avx, erms, clmul, vzeroupper, clflush, rdtscp, f16c
Processor Information for the first 4 processors :
  Max Mhz: 2500, Current Mhz: 2500, Mhz Limit: 2500

Memory: 4k page, system-wide physical 5991M (1045M free)
TotalPageFile size 5991M (AvailPageFile size 11M)
current process WorkingSet (physical memory assigned to process): 51M, peak: 51M
current process commit charge ("private bytes"): 214M, peak: 214M

vm_info: OpenJDK 64-Bit Server VM (21.0.8+9-LTS) for windows-amd64 JRE (21.0.8+9-LTS), built on 2025-07-15T00:00:00Z by "admin" with MS VC++ 17.7 (VS2022)

END.
