#
# There is insufficient memory for the Java Runtime Environment to continue.
# Native memory allocation (malloc) failed to allocate 2950480 bytes. Error detail: Chunk::new
# Possible reasons:
#   The system is out of physical RAM or swap space
#   This process is running with CompressedOops enabled, and the Java Heap may be blocking the growth of the native heap
# Possible solutions:
#   Reduce memory load on the system
#   Increase physical memory or swap space
#   Check if swap backing store is full
#   Decrease Java heap size (-Xmx/-Xms)
#   Decrease number of Java threads
#   Decrease Java thread stack sizes (-Xss)
#   Set larger code cache with -XX:ReservedCodeCacheSize=
#   JVM is running with Unscaled Compressed Oops mode in which the Java heap is
#     placed in the first 4GB address space. The Java Heap base address is the
#     maximum limit for the native heap growth. Please use -XX:HeapBaseMinAddress
#     to set the Java Heap base and to place the Java Heap above 4GB virtual address.
# This output file may be truncated or incomplete.
#
#  Out of Memory Error (arena.cpp:168), pid=10828, tid=2172
#
# JRE version: OpenJDK Runtime Environment Temurin-21.0.8+9 (21.0.8+9) (build 21.0.8+9-LTS)
# Java VM: OpenJDK 64-Bit Server VM Temurin-21.0.8+9 (21.0.8+9-LTS, mixed mode, sharing, tiered, compressed oops, compressed class ptrs, parallel gc, windows-amd64)
# No core dump will be written. Minidumps are not enabled by default on client versions of Windows
#

---------------  S U M M A R Y ------------

Command Line: --add-modules=ALL-SYSTEM --add-opens=java.base/java.util=ALL-UNNAMED --add-opens=java.base/java.lang=ALL-UNNAMED --add-opens=java.base/sun.nio.fs=ALL-UNNAMED -Declipse.application=org.eclipse.jdt.ls.core.id1 -Dosgi.bundles.defaultStartLevel=4 -Declipse.product=org.eclipse.jdt.ls.core.product -Djava.import.generatesMetadataFilesAtProjectRoot=false -DDetectVMInstallationsJob.disabled=true -Dfile.encoding=utf8 -XX:+UseParallelGC -XX:GCTimeRatio=4 -XX:AdaptiveSizePolicyWeight=90 -Dsun.zip.disableMemoryMapping=true -Xmx2G -Xms100m -Xlog:disable -javaagent:c:\Users\Bharat Agro\.vscode\extensions\redhat.java-1.45.0-win32-x64\lombok\lombok-1.18.39-4050.jar -XX:+HeapDumpOnOutOfMemoryError -XX:HeapDumpPath=c:\Users\Bharat Agro\AppData\Roaming\Code\User\workspaceStorage\4e106672c554cb900fdfeed735e6784a\redhat.java -Daether.dependencyCollector.impl=bf c:\Users\Bharat Agro\.vscode\extensions\redhat.java-1.45.0-win32-x64\server\plugins\org.eclipse.equinox.launcher_1.7.0.v20250519-0528.jar -configuration c:\Users\Bharat Agro\AppData\Roaming\Code\User\globalStorage\redhat.java\1.45.0\config_win -data c:\Users\Bharat Agro\AppData\Roaming\Code\User\workspaceStorage\4e106672c554cb900fdfeed735e6784a\redhat.java\jdt_ws --pipe=\\.\pipe\lsp-b4270448c0cf34ae382bea013e1496e0-sock

Host: Intel(R) Core(TM) i3-3120M CPU @ 2.50GHz, 4 cores, 5G,  Windows 10 , 64 bit Build 19041 (10.0.19041.5915)
Time: Tue Sep 16 15:23:02 2025 India Standard Time elapsed time: 283.959338 seconds (0d 0h 4m 43s)

---------------  T H R E A D  ---------------

Current thread (0x000001b4f46d5b30):  JavaThread "C2 CompilerThread1" daemon [_thread_in_native, id=2172, stack(0x0000008f00d00000,0x0000008f00e00000) (1024K)]


Current CompileTask:
C2:283959 15980 % !   4       org.eclipse.jdt.internal.compiler.parser.AbstractCommentParser::commentParse @ 418 (2358 bytes)

Stack: [0x0000008f00d00000,0x0000008f00e00000]
Native frames: (J=compiled Java code, j=interpreted, Vv=VM code, C=native code)
V  [jvm.dll+0x6d2449]
V  [jvm.dll+0x8ae341]
V  [jvm.dll+0x8b08be]
V  [jvm.dll+0x8b0fa3]
V  [jvm.dll+0x280c96]
V  [jvm.dll+0xc581d]
V  [jvm.dll+0xc5d53]
V  [jvm.dll+0x3b919c]
V  [jvm.dll+0x1e1409]
V  [jvm.dll+0x249022]
V  [jvm.dll+0x2484af]
V  [jvm.dll+0x1c89ee]
V  [jvm.dll+0x257d4d]
V  [jvm.dll+0x2562ea]
V  [jvm.dll+0x3f2d16]
V  [jvm.dll+0x857e6b]
V  [jvm.dll+0x6d0b0d]
C  [ucrtbase.dll+0x21bb2]
C  [KERNEL32.DLL+0x17374]
C  [ntdll.dll+0x4cc91]


---------------  P R O C E S S  ---------------

Threads class SMR info:
_java_thread_list=0x000001b4f86932c0, length=47, elements={
0x000001b4d536c400, 0x000001b4edf09260, 0x000001b4edf0ab60, 0x000001b4edf0d6f0,
0x000001b4edf12420, 0x000001b4edf153c0, 0x000001b4edf17ec0, 0x000001b4edf27450,
0x000001b4edf2abc0, 0x000001b4d759b970, 0x000001b4eeeec830, 0x000001b4f3674ee0,
0x000001b4f3632ae0, 0x000001b4f398dd60, 0x000001b4f3695e30, 0x000001b4f3f025c0,
0x000001b4f3ca1dd0, 0x000001b4f3e2e400, 0x000001b4f3e2ea90, 0x000001b4f3e2d6e0,
0x000001b4f3e2dd70, 0x000001b4f3e304d0, 0x000001b4f3e2f7b0, 0x000001b4f3e2fe40,
0x000001b4f4d5ce60, 0x000001b4f4d5d4f0, 0x000001b4f4d5db80, 0x000001b4f4d5f5c0,
0x000001b4f4d5e210, 0x000001b4f4d5e8a0, 0x000001b4f4d5c140, 0x000001b4f4d5ef30,
0x000001b4f3da4970, 0x000001b4f3da0e60, 0x000001b4f3da5d20, 0x000001b4f3da63b0,
0x000001b4f3da42e0, 0x000001b4f3da5690, 0x000001b4f3da28a0, 0x000001b4f3da35c0,
0x000001b4f3da6a40, 0x000001b4f3da70d0, 0x000001b4f3da7760, 0x000001b4f3da07d0,
0x000001b4f3603c90, 0x000001b4f46d5b30, 0x000001b4f3605d60
}

Java Threads: ( => current thread )
  0x000001b4d536c400 JavaThread "main"                              [_thread_blocked, id=1300, stack(0x0000008f7ea00000,0x0000008f7eb00000) (1024K)]
  0x000001b4edf09260 JavaThread "Reference Handler"          daemon [_thread_blocked, id=9900, stack(0x0000008f7ee00000,0x0000008f7ef00000) (1024K)]
  0x000001b4edf0ab60 JavaThread "Finalizer"                  daemon [_thread_blocked, id=11008, stack(0x0000008f7ef00000,0x0000008f7f000000) (1024K)]
  0x000001b4edf0d6f0 JavaThread "Signal Dispatcher"          daemon [_thread_blocked, id=5876, stack(0x0000008f7f000000,0x0000008f7f100000) (1024K)]
  0x000001b4edf12420 JavaThread "Attach Listener"            daemon [_thread_blocked, id=6344, stack(0x0000008f7f100000,0x0000008f7f200000) (1024K)]
  0x000001b4edf153c0 JavaThread "Service Thread"             daemon [_thread_blocked, id=9296, stack(0x0000008f7f200000,0x0000008f7f300000) (1024K)]
  0x000001b4edf17ec0 JavaThread "Monitor Deflation Thread"   daemon [_thread_blocked, id=1860, stack(0x0000008f7f300000,0x0000008f7f400000) (1024K)]
  0x000001b4edf27450 JavaThread "C2 CompilerThread0"         daemon [_thread_in_native, id=5352, stack(0x0000008f7f400000,0x0000008f7f500000) (1024K)]
  0x000001b4edf2abc0 JavaThread "C1 CompilerThread0"         daemon [_thread_blocked, id=9548, stack(0x0000008f7f500000,0x0000008f7f600000) (1024K)]
  0x000001b4d759b970 JavaThread "Common-Cleaner"             daemon [_thread_blocked, id=4788, stack(0x0000008f7f600000,0x0000008f7f700000) (1024K)]
  0x000001b4eeeec830 JavaThread "Notification Thread"        daemon [_thread_blocked, id=4748, stack(0x0000008f7f700000,0x0000008f7f800000) (1024K)]
  0x000001b4f3674ee0 JavaThread "Active Thread: Equinox Container: fab3e356-2446-4e93-9abb-0289de709b15"        [_thread_blocked, id=5820, stack(0x0000008f7fc00000,0x0000008f7fd00000) (1024K)]
  0x000001b4f3632ae0 JavaThread "Refresh Thread: Equinox Container: fab3e356-2446-4e93-9abb-0289de709b15" daemon [_thread_blocked, id=3852, stack(0x0000008f7fd00000,0x0000008f7fe00000) (1024K)]
  0x000001b4f398dd60 JavaThread "Framework Event Dispatcher: Equinox Container: fab3e356-2446-4e93-9abb-0289de709b15" daemon [_thread_blocked, id=2392, stack(0x0000008f7fe00000,0x0000008f7ff00000) (1024K)]
  0x000001b4f3695e30 JavaThread "Start Level: Equinox Container: fab3e356-2446-4e93-9abb-0289de709b15" daemon [_thread_blocked, id=6132, stack(0x0000008f7ff00000,0x0000008f80000000) (1024K)]
  0x000001b4f3f025c0 JavaThread "Bundle File Closer"         daemon [_thread_blocked, id=2408, stack(0x0000008f00000000,0x0000008f00100000) (1024K)]
  0x000001b4f3ca1dd0 JavaThread "SCR Component Actor"        daemon [_thread_blocked, id=10004, stack(0x0000008f00100000,0x0000008f00200000) (1024K)]
  0x000001b4f3e2e400 JavaThread "Worker-JM"                         [_thread_blocked, id=900, stack(0x0000008f00300000,0x0000008f00400000) (1024K)]
  0x000001b4f3e2ea90 JavaThread "JNA Cleaner"                daemon [_thread_blocked, id=9224, stack(0x0000008f00400000,0x0000008f00500000) (1024K)]
  0x000001b4f3e2d6e0 JavaThread "Worker-0: Validate documents"        [_thread_in_native, id=7400, stack(0x0000008f00500000,0x0000008f00600000) (1024K)]
  0x000001b4f3e2dd70 JavaThread "Worker-1"                          [_thread_blocked, id=10140, stack(0x0000008f00600000,0x0000008f00700000) (1024K)]
  0x000001b4f3e304d0 JavaThread "Worker-3"                          [_thread_blocked, id=11104, stack(0x0000008f00800000,0x0000008f00900000) (1024K)]
  0x000001b4f3e2f7b0 JavaThread "Java indexing"              daemon [_thread_blocked, id=6652, stack(0x0000008f00a00000,0x0000008f00b00000) (1024K)]
  0x000001b4f3e2fe40 JavaThread "Worker-4"                          [_thread_blocked, id=9764, stack(0x0000008f00b00000,0x0000008f00c00000) (1024K)]
  0x000001b4f4d5ce60 JavaThread "Worker-5"                          [_thread_blocked, id=11212, stack(0x0000008f00e00000,0x0000008f00f00000) (1024K)]
  0x000001b4f4d5d4f0 JavaThread "Worker-6"                          [_thread_blocked, id=5460, stack(0x0000008f00f00000,0x0000008f01000000) (1024K)]
  0x000001b4f4d5db80 JavaThread "Worker-7"                          [_thread_blocked, id=2196, stack(0x0000008f00200000,0x0000008f00300000) (1024K)]
  0x000001b4f4d5f5c0 JavaThread "Thread-2"                   daemon [_thread_in_native, id=2920, stack(0x0000008f01000000,0x0000008f01100000) (1024K)]
  0x000001b4f4d5e210 JavaThread "Thread-3"                   daemon [_thread_in_native, id=1620, stack(0x0000008f01100000,0x0000008f01200000) (1024K)]
  0x000001b4f4d5e8a0 JavaThread "Thread-4"                   daemon [_thread_in_native, id=6876, stack(0x0000008f01200000,0x0000008f01300000) (1024K)]
  0x000001b4f4d5c140 JavaThread "Thread-5"                   daemon [_thread_in_native, id=7848, stack(0x0000008f01300000,0x0000008f01400000) (1024K)]
  0x000001b4f4d5ef30 JavaThread "Thread-6"                   daemon [_thread_in_native, id=4736, stack(0x0000008f01400000,0x0000008f01500000) (1024K)]
  0x000001b4f3da4970 JavaThread "pool-2-thread-1"                   [_thread_blocked, id=7644, stack(0x0000008f01500000,0x0000008f01600000) (1024K)]
  0x000001b4f3da0e60 JavaThread "WorkspaceEventsHandler"            [_thread_blocked, id=10044, stack(0x0000008f01600000,0x0000008f01700000) (1024K)]
  0x000001b4f3da5d20 JavaThread "pool-1-thread-1"                   [_thread_blocked, id=5188, stack(0x0000008f01700000,0x0000008f01800000) (1024K)]
  0x000001b4f3da63b0 JavaThread "Compiler Source File Reader" daemon [_thread_blocked, id=6816, stack(0x0000008f00900000,0x0000008f00a00000) (1024K)]
  0x000001b4f3da42e0 JavaThread "Compiler Source File Reader" daemon [_thread_blocked, id=5740, stack(0x0000008f01800000,0x0000008f01900000) (1024K)]
  0x000001b4f3da5690 JavaThread "Compiler Processing Task"   daemon [_thread_blocked, id=5436, stack(0x0000008f01a00000,0x0000008f01b00000) (1024K)]
  0x000001b4f3da28a0 JavaThread "Compiler Class File Writer" daemon [_thread_blocked, id=1120, stack(0x0000008f01b00000,0x0000008f01c00000) (1024K)]
  0x000001b4f3da35c0 JavaThread "Compiler Class File Writer" daemon [_thread_blocked, id=6916, stack(0x0000008f01c00000,0x0000008f01d00000) (1024K)]
  0x000001b4f3da6a40 JavaThread "ForkJoinPool.commonPool-worker-1" daemon [_thread_blocked, id=5472, stack(0x0000008f01900000,0x0000008f01a00000) (1024K)]
  0x000001b4f3da70d0 JavaThread "ForkJoinPool.commonPool-worker-2" daemon [_thread_blocked, id=5428, stack(0x0000008f01d00000,0x0000008f01e00000) (1024K)]
  0x000001b4f3da7760 JavaThread "ForkJoinPool.commonPool-worker-3" daemon [_thread_blocked, id=6556, stack(0x0000008f01f00000,0x0000008f02000000) (1024K)]
  0x000001b4f3da07d0 JavaThread "Cleaner-0"                  daemon [_thread_blocked, id=2044, stack(0x0000008f01e00000,0x0000008f01f00000) (1024K)]
  0x000001b4f3603c90 JavaThread "pool-1-thread-7"                   [_thread_in_Java, id=10880, stack(0x0000008f00700000,0x0000008f00800000) (1024K)]
=>0x000001b4f46d5b30 JavaThread "C2 CompilerThread1"         daemon [_thread_in_native, id=2172, stack(0x0000008f00d00000,0x0000008f00e00000) (1024K)]
  0x000001b4f3605d60 JavaThread "pool-1-thread-8"                   [_thread_in_Java, id=3524, stack(0x0000008f02000000,0x0000008f02100000) (1024K)]
Total: 47

Other Threads:
  0x000001b4d75ed470 VMThread "VM Thread"                           [id=2336, stack(0x0000008f7ed00000,0x0000008f7ee00000) (1024K)]
  0x000001b4d759a530 WatcherThread "VM Periodic Task Thread"        [id=8244, stack(0x0000008f7ec00000,0x0000008f7ed00000) (1024K)]
  0x000001b4d754d730 WorkerThread "GC Thread#0"                     [id=7352, stack(0x0000008f7eb00000,0x0000008f7ec00000) (1024K)]
  0x000001b4f32c3190 WorkerThread "GC Thread#1"                     [id=1468, stack(0x0000008f7f900000,0x0000008f7fa00000) (1024K)]
  0x000001b4f3507620 WorkerThread "GC Thread#2"                     [id=10540, stack(0x0000008f7fa00000,0x0000008f7fb00000) (1024K)]
  0x000001b4f35079c0 WorkerThread "GC Thread#3"                     [id=4076, stack(0x0000008f7fb00000,0x0000008f7fc00000) (1024K)]
Total: 6

Threads with active compile tasks:
C2 CompilerThread0  284060 16050   !   4       org.eclipse.jdt.internal.compiler.lookup.BinaryTypeBinding::cachePartsFrom2 (1933 bytes)
C2 CompilerThread1  284060 15980 % !   4       org.eclipse.jdt.internal.compiler.parser.AbstractCommentParser::commentParse @ 418 (2358 bytes)
Total: 2

VM state: not at safepoint (normal execution)

VM Mutex/Monitor currently owned by a thread: None

Heap address: 0x0000000080000000, size: 2048 MB, Compressed Oops mode: 32-bit

CDS archive(s) mapped at: [0x000001b480000000-0x000001b480ba0000-0x000001b480ba0000), size 12189696, SharedBaseAddress: 0x000001b480000000, ArchiveRelocationMode: 1.
Compressed class space mapped at: 0x000001b481000000-0x000001b4c1000000, reserved size: 1073741824
Narrow klass base: 0x000001b480000000, Narrow klass shift: 0, Narrow klass range: 0x100000000

GC Precious Log:
 CardTable entry size: 512
 CPUs: 4 total, 4 available
 Memory: 5991M
 Large Page Support: Disabled
 NUMA Support: Disabled
 Compressed Oops: Enabled (32-bit)
 Alignments: Space 512K, Generation 512K, Heap 2M
 Heap Min Capacity: 100M
 Heap Initial Capacity: 100M
 Heap Max Capacity: 2G
 Pre-touch: Disabled
 Parallel Workers: 4

Heap:
 PSYoungGen      total 6656K, used 5038K [0x00000000d5580000, 0x00000000d5e80000, 0x0000000100000000)
  eden space 5632K, 78% used [0x00000000d5580000,0x00000000d59d6a88,0x00000000d5b00000)
  from space 1024K, 58% used [0x00000000d5d80000,0x00000000d5e14fc0,0x00000000d5e80000)
  to   space 1024K, 0% used [0x00000000d5c80000,0x00000000d5c80000,0x00000000d5d80000)
 ParOldGen       total 722432K, used 328018K [0x0000000080000000, 0x00000000ac180000, 0x00000000d5580000)
  object space 722432K, 45% used [0x0000000080000000,0x00000000940548d8,0x00000000ac180000)
 Metaspace       used 78391K, committed 80000K, reserved 1179648K
  class space    used 8097K, committed 8832K, reserved 1048576K

Card table byte_map: [0x000001b4d6ed0000,0x000001b4d72e0000] _byte_map_base: 0x000001b4d6ad0000

Marking Bits: (ParMarkBitMap*) 0x00007ffda923a340
 Begin Bits: [0x000001b4e99d0000, 0x000001b4eb9d0000)
 End Bits:   [0x000001b4eb9d0000, 0x000001b4ed9d0000)

Polling page: 0x000001b4d52f0000

Metaspace:

Usage:
  Non-class:     68.65 MB used.
      Class:      7.91 MB used.
       Both:     76.55 MB used.

Virtual space:
  Non-class space:      128.00 MB reserved,      69.50 MB ( 54%) committed,  2 nodes.
      Class space:        1.00 GB reserved,       8.62 MB ( <1%) committed,  1 nodes.
             Both:        1.12 GB reserved,      78.12 MB (  7%) committed. 

Chunk freelists:
   Non-Class:  10.44 MB
       Class:  7.38 MB
        Both:  17.81 MB

MaxMetaspaceSize: unlimited
CompressedClassSpaceSize: 1.00 GB
Initial GC threshold: 21.00 MB
Current GC threshold: 129.62 MB
CDS: on
 - commit_granule_bytes: 65536.
 - commit_granule_words: 8192.
 - virtual_space_node_default_size: 8388608.
 - enlarge_chunks_in_place: 1.
 - use_allocation_guard: 0.


Internal statistics:

num_allocs_failed_limit: 6.
num_arena_births: 1336.
num_arena_deaths: 14.
num_vsnodes_births: 3.
num_vsnodes_deaths: 0.
num_space_committed: 1250.
num_space_uncommitted: 0.
num_chunks_returned_to_freelist: 20.
num_chunks_taken_from_freelist: 4943.
num_chunk_merges: 10.
num_chunk_splits: 3035.
num_chunks_enlarged: 1709.
num_inconsistent_stats: 0.

CodeHeap 'non-profiled nmethods': size=120000Kb used=13725Kb max_used=13880Kb free=106274Kb
 bounds [0x000001b4e21f0000, 0x000001b4e2f80000, 0x000001b4e9720000]
CodeHeap 'profiled nmethods': size=120000Kb used=34939Kb max_used=34939Kb free=85060Kb
 bounds [0x000001b4da720000, 0x000001b4dc940000, 0x000001b4e1c50000]
CodeHeap 'non-nmethods': size=5760Kb used=1501Kb max_used=1557Kb free=4258Kb
 bounds [0x000001b4e1c50000, 0x000001b4e1ec0000, 0x000001b4e21f0000]
CodeCache: size=245760Kb, used=50165Kb, max_used=50376Kb, free=195592Kb
 total_blobs=15098, nmethods=14278, adapters=722, full_count=0
Compilation: enabled, stopped_count=0, restarted_count=0

Compilation events (20 events):
Event: 283.800 Thread 0x000001b4edf2abc0 16064   !   3       org.eclipse.jdt.internal.core.JavaModelManager::getWorkingCopies (255 bytes)
Event: 283.803 Thread 0x000001b4edf2abc0 nmethod 16064 0x000001b4dc921a90 code [0x000001b4dc921dc0, 0x000001b4dc9238d8]
Event: 283.851 Thread 0x000001b4edf2abc0 16065       3       org.eclipse.jdt.core.compiler.CharOperation::replace (225 bytes)
Event: 283.853 Thread 0x000001b4edf2abc0 nmethod 16065 0x000001b4dc924590 code [0x000001b4dc9247e0, 0x000001b4dc925308]
Event: 283.853 Thread 0x000001b4edf2abc0 16066       3       org.eclipse.jdt.core.compiler.CharOperation::indexOf (10 bytes)
Event: 283.853 Thread 0x000001b4edf2abc0 nmethod 16066 0x000001b4dc925810 code [0x000001b4dc9259c0, 0x000001b4dc925ae0]
Event: 283.853 Thread 0x000001b4edf2abc0 16067       3       org.eclipse.jdt.internal.compiler.CompilationResult::record (214 bytes)
Event: 283.855 Thread 0x000001b4edf2abc0 nmethod 16067 0x000001b4dc925b90 code [0x000001b4dc925e60, 0x000001b4dc927088]
Event: 283.908 Thread 0x000001b4edf2abc0 16068       3       org.eclipse.jdt.internal.compiler.parser.Scanner::scanEscapeCharacter (411 bytes)
Event: 283.910 Thread 0x000001b4edf2abc0 nmethod 16068 0x000001b4dc927590 code [0x000001b4dc9278e0, 0x000001b4dc928b90]
Event: 283.931 Thread 0x000001b4edf2abc0 16071       3       org.eclipse.jdt.internal.compiler.lookup.SourceTypeBinding::sortedMemberTypes (37 bytes)
Event: 283.932 Thread 0x000001b4edf2abc0 nmethod 16071 0x000001b4dc929090 code [0x000001b4dc929240, 0x000001b4dc929468]
Event: 283.932 Thread 0x000001b4edf2abc0 16072   !   3       org.eclipse.jdt.internal.compiler.problem.ProblemReporter::invalidType (880 bytes)
Event: 283.942 Thread 0x000001b4edf2abc0 nmethod 16072 0x000001b4dc929590 code [0x000001b4dc929b80, 0x000001b4dc92e740]
Event: 283.942 Thread 0x000001b4edf2abc0 16073       3       org.eclipse.jdt.internal.compiler.lookup.TypeBinding::collectMissingTypes (2 bytes)
Event: 283.942 Thread 0x000001b4edf2abc0 nmethod 16073 0x000001b4dc930110 code [0x000001b4dc9302a0, 0x000001b4dc9303b0]
Event: 283.942 Thread 0x000001b4edf2abc0 16074       3       org.eclipse.jdt.internal.compiler.lookup.ProblemReferenceBinding::shortReadableName (5 bytes)
Event: 283.942 Thread 0x000001b4edf2abc0 nmethod 16074 0x000001b4dc930490 code [0x000001b4dc930640, 0x000001b4dc9308e8]
Event: 283.950 Thread 0x000001b4edf2abc0 16076       3       org.eclipse.jdt.internal.compiler.lookup.FieldBinding::sourceField (70 bytes)
Event: 283.951 Thread 0x000001b4edf2abc0 nmethod 16076 0x000001b4dc930990 code [0x000001b4dc930b80, 0x000001b4dc931070]

GC Heap History (20 events):
Event: 283.561 GC heap before
{Heap before GC invocations=933 (full 5):
 PSYoungGen      total 5120K, used 4852K [0x00000000d5580000, 0x00000000d5c80000, 0x0000000100000000)
  eden space 4096K, 98% used [0x00000000d5580000,0x00000000d59752b8,0x00000000d5980000)
  from space 1024K, 78% used [0x00000000d5980000,0x00000000d5a48000,0x00000000d5a80000)
  to   space 1024K, 0% used [0x00000000d5b80000,0x00000000d5b80000,0x00000000d5c80000)
 ParOldGen       total 722432K, used 318747K [0x0000000080000000, 0x00000000ac180000, 0x00000000d5580000)
  object space 722432K, 44% used [0x0000000080000000,0x0000000093746fe0,0x00000000ac180000)
 Metaspace       used 78366K, committed 80000K, reserved 1179648K
  class space    used 8097K, committed 8832K, reserved 1048576K
}
Event: 283.563 GC heap after
{Heap after GC invocations=933 (full 5):
 PSYoungGen      total 5632K, used 96K [0x00000000d5580000, 0x00000000d5c00000, 0x0000000100000000)
  eden space 5120K, 0% used [0x00000000d5580000,0x00000000d5580000,0x00000000d5a80000)
  from space 512K, 18% used [0x00000000d5b80000,0x00000000d5b98000,0x00000000d5c00000)
  to   space 512K, 0% used [0x00000000d5b00000,0x00000000d5b00000,0x00000000d5b80000)
 ParOldGen       total 722432K, used 319307K [0x0000000080000000, 0x00000000ac180000, 0x00000000d5580000)
  object space 722432K, 44% used [0x0000000080000000,0x00000000937d2fe0,0x00000000ac180000)
 Metaspace       used 78366K, committed 80000K, reserved 1179648K
  class space    used 8097K, committed 8832K, reserved 1048576K
}
Event: 283.590 GC heap before
{Heap before GC invocations=934 (full 5):
 PSYoungGen      total 5632K, used 5216K [0x00000000d5580000, 0x00000000d5c00000, 0x0000000100000000)
  eden space 5120K, 100% used [0x00000000d5580000,0x00000000d5a80000,0x00000000d5a80000)
  from space 512K, 18% used [0x00000000d5b80000,0x00000000d5b98000,0x00000000d5c00000)
  to   space 512K, 0% used [0x00000000d5b00000,0x00000000d5b00000,0x00000000d5b80000)
 ParOldGen       total 722432K, used 319307K [0x0000000080000000, 0x00000000ac180000, 0x00000000d5580000)
  object space 722432K, 44% used [0x0000000080000000,0x00000000937d2fe0,0x00000000ac180000)
 Metaspace       used 78366K, committed 80000K, reserved 1179648K
  class space    used 8097K, committed 8832K, reserved 1048576K
}
Event: 283.592 GC heap after
{Heap after GC invocations=934 (full 5):
 PSYoungGen      total 6144K, used 64K [0x00000000d5580000, 0x00000000d5c80000, 0x0000000100000000)
  eden space 5632K, 0% used [0x00000000d5580000,0x00000000d5580000,0x00000000d5b00000)
  from space 512K, 12% used [0x00000000d5b00000,0x00000000d5b10000,0x00000000d5b80000)
  to   space 512K, 0% used [0x00000000d5c00000,0x00000000d5c00000,0x00000000d5c80000)
 ParOldGen       total 722432K, used 319356K [0x0000000080000000, 0x00000000ac180000, 0x00000000d5580000)
  object space 722432K, 44% used [0x0000000080000000,0x00000000937df320,0x00000000ac180000)
 Metaspace       used 78366K, committed 80000K, reserved 1179648K
  class space    used 8097K, committed 8832K, reserved 1048576K
}
Event: 283.670 GC heap before
{Heap before GC invocations=935 (full 5):
 PSYoungGen      total 6144K, used 5696K [0x00000000d5580000, 0x00000000d5c80000, 0x0000000100000000)
  eden space 5632K, 100% used [0x00000000d5580000,0x00000000d5b00000,0x00000000d5b00000)
  from space 512K, 12% used [0x00000000d5b00000,0x00000000d5b10000,0x00000000d5b80000)
  to   space 512K, 0% used [0x00000000d5c00000,0x00000000d5c00000,0x00000000d5c80000)
 ParOldGen       total 722432K, used 319356K [0x0000000080000000, 0x00000000ac180000, 0x00000000d5580000)
  object space 722432K, 44% used [0x0000000080000000,0x00000000937df320,0x00000000ac180000)
 Metaspace       used 78366K, committed 80000K, reserved 1179648K
  class space    used 8097K, committed 8832K, reserved 1048576K
}
Event: 283.673 GC heap after
{Heap after GC invocations=935 (full 5):
 PSYoungGen      total 6144K, used 224K [0x00000000d5580000, 0x00000000d5c80000, 0x0000000100000000)
  eden space 5632K, 0% used [0x00000000d5580000,0x00000000d5580000,0x00000000d5b00000)
  from space 512K, 43% used [0x00000000d5c00000,0x00000000d5c38000,0x00000000d5c80000)
  to   space 512K, 0% used [0x00000000d5b00000,0x00000000d5b00000,0x00000000d5b80000)
 ParOldGen       total 722432K, used 319375K [0x0000000080000000, 0x00000000ac180000, 0x00000000d5580000)
  object space 722432K, 44% used [0x0000000080000000,0x00000000937e3c30,0x00000000ac180000)
 Metaspace       used 78366K, committed 80000K, reserved 1179648K
  class space    used 8097K, committed 8832K, reserved 1048576K
}
Event: 283.697 GC heap before
{Heap before GC invocations=936 (full 5):
 PSYoungGen      total 6144K, used 5089K [0x00000000d5580000, 0x00000000d5c80000, 0x0000000100000000)
  eden space 5632K, 86% used [0x00000000d5580000,0x00000000d5a40610,0x00000000d5b00000)
  from space 512K, 43% used [0x00000000d5c00000,0x00000000d5c38000,0x00000000d5c80000)
  to   space 512K, 0% used [0x00000000d5b00000,0x00000000d5b00000,0x00000000d5b80000)
 ParOldGen       total 722432K, used 319375K [0x0000000080000000, 0x00000000ac180000, 0x00000000d5580000)
  object space 722432K, 44% used [0x0000000080000000,0x00000000937e3c30,0x00000000ac180000)
 Metaspace       used 78366K, committed 80000K, reserved 1179648K
  class space    used 8097K, committed 8832K, reserved 1048576K
}
Event: 283.698 GC heap after
{Heap after GC invocations=936 (full 5):
 PSYoungGen      total 6144K, used 224K [0x00000000d5580000, 0x00000000d5c80000, 0x0000000100000000)
  eden space 5632K, 0% used [0x00000000d5580000,0x00000000d5580000,0x00000000d5b00000)
  from space 512K, 43% used [0x00000000d5b00000,0x00000000d5b38000,0x00000000d5b80000)
  to   space 512K, 0% used [0x00000000d5c00000,0x00000000d5c00000,0x00000000d5c80000)
 ParOldGen       total 722432K, used 319383K [0x0000000080000000, 0x00000000ac180000, 0x00000000d5580000)
  object space 722432K, 44% used [0x0000000080000000,0x00000000937e5c30,0x00000000ac180000)
 Metaspace       used 78366K, committed 80000K, reserved 1179648K
  class space    used 8097K, committed 8832K, reserved 1048576K
}
Event: 283.723 GC heap before
{Heap before GC invocations=937 (full 5):
 PSYoungGen      total 6144K, used 5718K [0x00000000d5580000, 0x00000000d5c80000, 0x0000000100000000)
  eden space 5632K, 97% used [0x00000000d5580000,0x00000000d5adda70,0x00000000d5b00000)
  from space 512K, 43% used [0x00000000d5b00000,0x00000000d5b38000,0x00000000d5b80000)
  to   space 512K, 0% used [0x00000000d5c00000,0x00000000d5c00000,0x00000000d5c80000)
 ParOldGen       total 722432K, used 319383K [0x0000000080000000, 0x00000000ac180000, 0x00000000d5580000)
  object space 722432K, 44% used [0x0000000080000000,0x00000000937e5c30,0x00000000ac180000)
 Metaspace       used 78369K, committed 80000K, reserved 1179648K
  class space    used 8097K, committed 8832K, reserved 1048576K
}
Event: 283.726 GC heap after
{Heap after GC invocations=937 (full 5):
 PSYoungGen      total 6144K, used 192K [0x00000000d5580000, 0x00000000d5c80000, 0x0000000100000000)
  eden space 5632K, 0% used [0x00000000d5580000,0x00000000d5580000,0x00000000d5b00000)
  from space 512K, 37% used [0x00000000d5c00000,0x00000000d5c30000,0x00000000d5c80000)
  to   space 512K, 0% used [0x00000000d5b00000,0x00000000d5b00000,0x00000000d5b80000)
 ParOldGen       total 722432K, used 322297K [0x0000000080000000, 0x00000000ac180000, 0x00000000d5580000)
  object space 722432K, 44% used [0x0000000080000000,0x0000000093abe630,0x00000000ac180000)
 Metaspace       used 78369K, committed 80000K, reserved 1179648K
  class space    used 8097K, committed 8832K, reserved 1048576K
}
Event: 283.781 GC heap before
{Heap before GC invocations=938 (full 5):
 PSYoungGen      total 6144K, used 5824K [0x00000000d5580000, 0x00000000d5c80000, 0x0000000100000000)
  eden space 5632K, 100% used [0x00000000d5580000,0x00000000d5b00000,0x00000000d5b00000)
  from space 512K, 37% used [0x00000000d5c00000,0x00000000d5c30000,0x00000000d5c80000)
  to   space 512K, 0% used [0x00000000d5b00000,0x00000000d5b00000,0x00000000d5b80000)
 ParOldGen       total 722432K, used 322297K [0x0000000080000000, 0x00000000ac180000, 0x00000000d5580000)
  object space 722432K, 44% used [0x0000000080000000,0x0000000093abe630,0x00000000ac180000)
 Metaspace       used 78369K, committed 80000K, reserved 1179648K
  class space    used 8097K, committed 8832K, reserved 1048576K
}
Event: 283.785 GC heap after
{Heap after GC invocations=938 (full 5):
 PSYoungGen      total 6144K, used 512K [0x00000000d5580000, 0x00000000d5d00000, 0x0000000100000000)
  eden space 5632K, 0% used [0x00000000d5580000,0x00000000d5580000,0x00000000d5b00000)
  from space 512K, 100% used [0x00000000d5b00000,0x00000000d5b80000,0x00000000d5b80000)
  to   space 1024K, 0% used [0x00000000d5c00000,0x00000000d5c00000,0x00000000d5d00000)
 ParOldGen       total 722432K, used 322313K [0x0000000080000000, 0x00000000ac180000, 0x00000000d5580000)
  object space 722432K, 44% used [0x0000000080000000,0x0000000093ac2630,0x00000000ac180000)
 Metaspace       used 78369K, committed 80000K, reserved 1179648K
  class space    used 8097K, committed 8832K, reserved 1048576K
}
Event: 283.833 GC heap before
{Heap before GC invocations=939 (full 5):
 PSYoungGen      total 6144K, used 6144K [0x00000000d5580000, 0x00000000d5d00000, 0x0000000100000000)
  eden space 5632K, 100% used [0x00000000d5580000,0x00000000d5b00000,0x00000000d5b00000)
  from space 512K, 100% used [0x00000000d5b00000,0x00000000d5b80000,0x00000000d5b80000)
  to   space 1024K, 0% used [0x00000000d5c00000,0x00000000d5c00000,0x00000000d5d00000)
 ParOldGen       total 722432K, used 322313K [0x0000000080000000, 0x00000000ac180000, 0x00000000d5580000)
  object space 722432K, 44% used [0x0000000080000000,0x0000000093ac2630,0x00000000ac180000)
 Metaspace       used 78374K, committed 80000K, reserved 1179648K
  class space    used 8097K, committed 8832K, reserved 1048576K
}
Event: 283.835 GC heap after
{Heap after GC invocations=939 (full 5):
 PSYoungGen      total 6144K, used 368K [0x00000000d5580000, 0x00000000d5c80000, 0x0000000100000000)
  eden space 5632K, 0% used [0x00000000d5580000,0x00000000d5580000,0x00000000d5b00000)
  from space 512K, 71% used [0x00000000d5c00000,0x00000000d5c5c010,0x00000000d5c80000)
  to   space 512K, 0% used [0x00000000d5b00000,0x00000000d5b00000,0x00000000d5b80000)
 ParOldGen       total 722432K, used 323778K [0x0000000080000000, 0x00000000ac180000, 0x00000000d5580000)
  object space 722432K, 44% used [0x0000000080000000,0x0000000093c30b30,0x00000000ac180000)
 Metaspace       used 78374K, committed 80000K, reserved 1179648K
  class space    used 8097K, committed 8832K, reserved 1048576K
}
Event: 283.872 GC heap before
{Heap before GC invocations=940 (full 5):
 PSYoungGen      total 6144K, used 5881K [0x00000000d5580000, 0x00000000d5c80000, 0x0000000100000000)
  eden space 5632K, 97% used [0x00000000d5580000,0x00000000d5ae25c0,0x00000000d5b00000)
  from space 512K, 71% used [0x00000000d5c00000,0x00000000d5c5c010,0x00000000d5c80000)
  to   space 512K, 0% used [0x00000000d5b00000,0x00000000d5b00000,0x00000000d5b80000)
 ParOldGen       total 722432K, used 323778K [0x0000000080000000, 0x00000000ac180000, 0x00000000d5580000)
  object space 722432K, 44% used [0x0000000080000000,0x0000000093c30b30,0x00000000ac180000)
 Metaspace       used 78374K, committed 80000K, reserved 1179648K
  class space    used 8097K, committed 8832K, reserved 1048576K
}
Event: 283.874 GC heap after
{Heap after GC invocations=940 (full 5):
 PSYoungGen      total 6144K, used 499K [0x00000000d5580000, 0x00000000d6100000, 0x0000000100000000)
  eden space 5632K, 0% used [0x00000000d5580000,0x00000000d5580000,0x00000000d5b00000)
  from space 512K, 97% used [0x00000000d5b00000,0x00000000d5b7cfc0,0x00000000d5b80000)
  to   space 3072K, 0% used [0x00000000d5e00000,0x00000000d5e00000,0x00000000d6100000)
 ParOldGen       total 722432K, used 325555K [0x0000000080000000, 0x00000000ac180000, 0x00000000d5580000)
  object space 722432K, 45% used [0x0000000080000000,0x0000000093decc58,0x00000000ac180000)
 Metaspace       used 78374K, committed 80000K, reserved 1179648K
  class space    used 8097K, committed 8832K, reserved 1048576K
}
Event: 283.914 GC heap before
{Heap before GC invocations=941 (full 5):
 PSYoungGen      total 6144K, used 4687K [0x00000000d5580000, 0x00000000d6100000, 0x0000000100000000)
  eden space 5632K, 74% used [0x00000000d5580000,0x00000000d5996fb0,0x00000000d5b00000)
  from space 512K, 97% used [0x00000000d5b00000,0x00000000d5b7cfc0,0x00000000d5b80000)
  to   space 3072K, 0% used [0x00000000d5e00000,0x00000000d5e00000,0x00000000d6100000)
 ParOldGen       total 722432K, used 325555K [0x0000000080000000, 0x00000000ac180000, 0x00000000d5580000)
  object space 722432K, 45% used [0x0000000080000000,0x0000000093decc58,0x00000000ac180000)
 Metaspace       used 78374K, committed 80000K, reserved 1179648K
  class space    used 8097K, committed 8832K, reserved 1048576K
}
Event: 283.917 GC heap after
{Heap after GC invocations=941 (full 5):
 PSYoungGen      total 6656K, used 864K [0x00000000d5580000, 0x00000000d5f00000, 0x0000000100000000)
  eden space 5632K, 0% used [0x00000000d5580000,0x00000000d5580000,0x00000000d5b00000)
  from space 1024K, 84% used [0x00000000d5e00000,0x00000000d5ed8000,0x00000000d5f00000)
  to   space 1536K, 0% used [0x00000000d5c00000,0x00000000d5c00000,0x00000000d5d80000)
 ParOldGen       total 722432K, used 325832K [0x0000000080000000, 0x00000000ac180000, 0x00000000d5580000)
  object space 722432K, 45% used [0x0000000080000000,0x0000000093e320d8,0x00000000ac180000)
 Metaspace       used 78374K, committed 80000K, reserved 1179648K
  class space    used 8097K, committed 8832K, reserved 1048576K
}
Event: 283.935 GC heap before
{Heap before GC invocations=942 (full 5):
 PSYoungGen      total 6656K, used 6496K [0x00000000d5580000, 0x00000000d5f00000, 0x0000000100000000)
  eden space 5632K, 100% used [0x00000000d5580000,0x00000000d5b00000,0x00000000d5b00000)
  from space 1024K, 84% used [0x00000000d5e00000,0x00000000d5ed8000,0x00000000d5f00000)
  to   space 1536K, 0% used [0x00000000d5c00000,0x00000000d5c00000,0x00000000d5d80000)
 ParOldGen       total 722432K, used 325832K [0x0000000080000000, 0x00000000ac180000, 0x00000000d5580000)
  object space 722432K, 45% used [0x0000000080000000,0x0000000093e320d8,0x00000000ac180000)
 Metaspace       used 78384K, committed 80000K, reserved 1179648K
  class space    used 8097K, committed 8832K, reserved 1048576K
}
Event: 283.940 GC heap after
{Heap after GC invocations=942 (full 5):
 PSYoungGen      total 7168K, used 1521K [0x00000000d5580000, 0x00000000d6200000, 0x0000000100000000)
  eden space 5632K, 0% used [0x00000000d5580000,0x00000000d5580000,0x00000000d5b00000)
  from space 1536K, 99% used [0x00000000d5c00000,0x00000000d5d7c500,0x00000000d5d80000)
  to   space 3584K, 0% used [0x00000000d5e80000,0x00000000d5e80000,0x00000000d6200000)
 ParOldGen       total 722432K, used 327283K [0x0000000080000000, 0x00000000ac180000, 0x00000000d5580000)
  object space 722432K, 45% used [0x0000000080000000,0x0000000093f9ce98,0x00000000ac180000)
 Metaspace       used 78384K, committed 80000K, reserved 1179648K
  class space    used 8097K, committed 8832K, reserved 1048576K
}

Dll operation events (12 events):
Event: 0.022 Loaded shared library c:\Users\Bharat Agro\.vscode\extensions\redhat.java-1.45.0-win32-x64\jre\21.0.8-win32-x86_64\bin\java.dll
Event: 0.207 Loaded shared library c:\Users\Bharat Agro\.vscode\extensions\redhat.java-1.45.0-win32-x64\jre\21.0.8-win32-x86_64\bin\zip.dll
Event: 0.282 Loaded shared library C:\Users\Bharat Agro\.vscode\extensions\redhat.java-1.45.0-win32-x64\jre\21.0.8-win32-x86_64\bin\instrument.dll
Event: 0.292 Loaded shared library C:\Users\Bharat Agro\.vscode\extensions\redhat.java-1.45.0-win32-x64\jre\21.0.8-win32-x86_64\bin\net.dll
Event: 0.318 Loaded shared library C:\Users\Bharat Agro\.vscode\extensions\redhat.java-1.45.0-win32-x64\jre\21.0.8-win32-x86_64\bin\nio.dll
Event: 0.326 Loaded shared library C:\Users\Bharat Agro\.vscode\extensions\redhat.java-1.45.0-win32-x64\jre\21.0.8-win32-x86_64\bin\zip.dll
Event: 0.385 Loaded shared library C:\Users\Bharat Agro\.vscode\extensions\redhat.java-1.45.0-win32-x64\jre\21.0.8-win32-x86_64\bin\jimage.dll
Event: 0.572 Loaded shared library c:\Users\Bharat Agro\.vscode\extensions\redhat.java-1.45.0-win32-x64\jre\21.0.8-win32-x86_64\bin\verify.dll
Event: 3.158 Loaded shared library C:\Users\Bharat Agro\AppData\Roaming\Code\User\globalStorage\redhat.java\1.45.0\config_win\org.eclipse.equinox.launcher\org.eclipse.equinox.launcher.win32.win32.x86_64_1.2.1400.v20250801-0854\eclipse_11916.dll
Event: 9.109 Loaded shared library C:\Users\Bharat Agro\AppData\Local\Temp\jna--468664871\jna1474384724514378795.dll
Event: 40.698 Loaded shared library C:\Users\Bharat Agro\.vscode\extensions\redhat.java-1.45.0-win32-x64\jre\21.0.8-win32-x86_64\bin\sunmscapi.dll
Event: 142.304 Loaded shared library C:\Users\Bharat Agro\.vscode\extensions\redhat.java-1.45.0-win32-x64\jre\21.0.8-win32-x86_64\bin\extnet.dll

Deoptimization events (20 events):
Event: 282.608 Thread 0x000001b4f3603c90 DEOPT PACKING pc=0x000001b4dbc147e4 sp=0x0000008f007fe3a0
Event: 282.608 Thread 0x000001b4f3603c90 DEOPT UNPACKING pc=0x000001b4e1ca4242 sp=0x0000008f007fd930 mode 0
Event: 282.611 Thread 0x000001b4f3603c90 Uncommon trap: trap_request=0xffffffd6 fr.pc=0x000001b4e24c0a6c relative=0x000000000000014c
Event: 282.611 Thread 0x000001b4f3603c90 Uncommon trap: reason=array_check action=maybe_recompile pc=0x000001b4e24c0a6c method=java.util.Arrays.fill([Ljava/lang/Object;Ljava/lang/Object;)V @ 13 c2
Event: 282.611 Thread 0x000001b4f3603c90 DEOPT PACKING pc=0x000001b4e24c0a6c sp=0x0000008f007fe490
Event: 282.611 Thread 0x000001b4f3603c90 DEOPT UNPACKING pc=0x000001b4e1ca3aa2 sp=0x0000008f007fe420 mode 2
Event: 282.654 Thread 0x000001b4f3603c90 Uncommon trap: trap_request=0xffffffd6 fr.pc=0x000001b4e24c0a6c relative=0x000000000000014c
Event: 282.654 Thread 0x000001b4f3603c90 Uncommon trap: reason=array_check action=maybe_recompile pc=0x000001b4e24c0a6c method=java.util.Arrays.fill([Ljava/lang/Object;Ljava/lang/Object;)V @ 13 c2
Event: 282.654 Thread 0x000001b4f3603c90 DEOPT PACKING pc=0x000001b4e24c0a6c sp=0x0000008f007fe490
Event: 282.654 Thread 0x000001b4f3603c90 DEOPT UNPACKING pc=0x000001b4e1ca3aa2 sp=0x0000008f007fe420 mode 2
Event: 282.656 Thread 0x000001b4f4d5ce60 Uncommon trap: trap_request=0xffffffd6 fr.pc=0x000001b4e24c0a6c relative=0x000000000000014c
Event: 282.656 Thread 0x000001b4f4d5ce60 Uncommon trap: reason=array_check action=maybe_recompile pc=0x000001b4e24c0a6c method=java.util.Arrays.fill([Ljava/lang/Object;Ljava/lang/Object;)V @ 13 c2
Event: 282.656 Thread 0x000001b4f4d5ce60 DEOPT PACKING pc=0x000001b4e24c0a6c sp=0x0000008f00efe9e0
Event: 282.656 Thread 0x000001b4f4d5ce60 DEOPT UNPACKING pc=0x000001b4e1ca3aa2 sp=0x0000008f00efe970 mode 2
Event: 283.114 Thread 0x000001b4f3605d60 DEOPT PACKING pc=0x000001b4dbd703da sp=0x0000008f020fe050
Event: 283.114 Thread 0x000001b4f3605d60 DEOPT UNPACKING pc=0x000001b4e1ca4242 sp=0x0000008f020fd550 mode 0
Event: 283.420 Thread 0x000001b4f3603c90 DEOPT PACKING pc=0x000001b4dbc28222 sp=0x0000008f007fdb90
Event: 283.420 Thread 0x000001b4f3603c90 DEOPT UNPACKING pc=0x000001b4e1ca4242 sp=0x0000008f007fd140 mode 0
Event: 283.685 Thread 0x000001b4f3603c90 DEOPT PACKING pc=0x000001b4dbc43ec8 sp=0x0000008f007fe270
Event: 283.685 Thread 0x000001b4f3603c90 DEOPT UNPACKING pc=0x000001b4e1ca4242 sp=0x0000008f007fd790 mode 0

Classes loaded (20 events):
Event: 143.650 Loading class sun/net/www/http/KeepAliveStream$1
Event: 143.650 Loading class sun/net/www/http/KeepAliveStream$1 done
Event: 143.652 Loading class sun/net/www/http/ChunkedInputStream
Event: 143.653 Loading class sun/net/www/http/ChunkedInputStream done
Event: 143.662 Loading class sun/net/www/http/KeepAliveCache$1
Event: 143.662 Loading class sun/net/www/http/KeepAliveCache$1 done
Event: 143.663 Loading class sun/net/www/http/KeepAliveCache$ClientVector
Event: 143.663 Loading class sun/net/www/http/KeepAliveCache$ClientVector done
Event: 143.665 Loading class sun/net/www/http/KeepAliveEntry
Event: 143.666 Loading class sun/net/www/http/KeepAliveEntry done
Event: 148.664 Loading class sun/security/ssl/Alert
Event: 148.665 Loading class sun/security/ssl/Alert done
Event: 148.665 Loading class sun/security/ssl/Alert$AlertConsumer
Event: 148.666 Loading class sun/security/ssl/Alert$AlertConsumer done
Event: 148.666 Loading class sun/security/ssl/Alert$Level
Event: 148.666 Loading class sun/security/ssl/Alert$Level done
Event: 277.019 Loading class java/util/concurrent/ConcurrentHashMap$TreeNode
Event: 277.027 Loading class java/util/concurrent/ConcurrentHashMap$TreeNode done
Event: 277.027 Loading class java/util/concurrent/ConcurrentHashMap$TreeBin
Event: 277.028 Loading class java/util/concurrent/ConcurrentHashMap$TreeBin done

Classes unloaded (7 events):
Event: 11.403 Thread 0x000001b4d75ed470 Unloading class 0x000001b4811ab000 'java/lang/invoke/LambdaForm$MH+0x000001b4811ab000'
Event: 11.403 Thread 0x000001b4d75ed470 Unloading class 0x000001b4811aac00 'java/lang/invoke/LambdaForm$MH+0x000001b4811aac00'
Event: 11.403 Thread 0x000001b4d75ed470 Unloading class 0x000001b4811aa800 'java/lang/invoke/LambdaForm$MH+0x000001b4811aa800'
Event: 11.403 Thread 0x000001b4d75ed470 Unloading class 0x000001b4811aa400 'java/lang/invoke/LambdaForm$MH+0x000001b4811aa400'
Event: 11.403 Thread 0x000001b4d75ed470 Unloading class 0x000001b4811aa000 'java/lang/invoke/LambdaForm$BMH+0x000001b4811aa000'
Event: 11.403 Thread 0x000001b4d75ed470 Unloading class 0x000001b4811a9c00 'java/lang/invoke/LambdaForm$DMH+0x000001b4811a9c00'
Event: 11.403 Thread 0x000001b4d75ed470 Unloading class 0x000001b4811a8800 'java/lang/invoke/LambdaForm$DMH+0x000001b4811a8800'

Classes redefined (0 events):
No events

Internal exceptions (20 events):
Event: 283.499 Thread 0x000001b4f3605d60 Exception <a 'java/lang/ClassNotFoundException'{0x00000000d5814f98}: sun/net/www/protocol/jdt/Handler> (0x00000000d5814f98) 
thrown [s\src\hotspot\share\classfile\systemDictionary.cpp, line 312]
Event: 283.499 Thread 0x000001b4f3605d60 Exception <a 'java/lang/ClassNotFoundException'{0x00000000d58170c0}: sun/net/www/protocol/jdt/Handler> (0x00000000d58170c0) 
thrown [s\src\hotspot\share\classfile\systemDictionary.cpp, line 312]
Event: 283.500 Thread 0x000001b4f3605d60 Exception <a 'java/lang/ClassNotFoundException'{0x00000000d5819630}: sun/net/www/protocol/jdt/Handler> (0x00000000d5819630) 
thrown [s\src\hotspot\share\classfile\systemDictionary.cpp, line 312]
Event: 283.500 Thread 0x000001b4f3605d60 Exception <a 'java/lang/ClassNotFoundException'{0x00000000d581c360}: sun/net/www/protocol/jdt/Handler> (0x00000000d581c360) 
thrown [s\src\hotspot\share\classfile\systemDictionary.cpp, line 312]
Event: 283.500 Thread 0x000001b4f3605d60 Exception <a 'java/lang/ClassNotFoundException'{0x00000000d581e250}: sun/net/www/protocol/jdt/Handler> (0x00000000d581e250) 
thrown [s\src\hotspot\share\classfile\systemDictionary.cpp, line 312]
Event: 283.500 Thread 0x000001b4f3605d60 Exception <a 'java/lang/ClassNotFoundException'{0x00000000d58210a8}: sun/net/www/protocol/jdt/Handler> (0x00000000d58210a8) 
thrown [s\src\hotspot\share\classfile\systemDictionary.cpp, line 312]
Event: 283.500 Thread 0x000001b4f3605d60 Exception <a 'java/lang/ClassNotFoundException'{0x00000000d5822fc0}: sun/net/www/protocol/jdt/Handler> (0x00000000d5822fc0) 
thrown [s\src\hotspot\share\classfile\systemDictionary.cpp, line 312]
Event: 283.501 Thread 0x000001b4f3605d60 Exception <a 'java/lang/ClassNotFoundException'{0x00000000d5824ee8}: sun/net/www/protocol/jdt/Handler> (0x00000000d5824ee8) 
thrown [s\src\hotspot\share\classfile\systemDictionary.cpp, line 312]
Event: 283.501 Thread 0x000001b4f3605d60 Exception <a 'java/lang/ClassNotFoundException'{0x00000000d5826fc0}: sun/net/www/protocol/jdt/Handler> (0x00000000d5826fc0) 
thrown [s\src\hotspot\share\classfile\systemDictionary.cpp, line 312]
Event: 283.501 Thread 0x000001b4f3605d60 Exception <a 'java/lang/ClassNotFoundException'{0x00000000d5829390}: sun/net/www/protocol/jdt/Handler> (0x00000000d5829390) 
thrown [s\src\hotspot\share\classfile\systemDictionary.cpp, line 312]
Event: 283.501 Thread 0x000001b4f3605d60 Exception <a 'java/lang/ClassNotFoundException'{0x00000000d582c250}: sun/net/www/protocol/jdt/Handler> (0x00000000d582c250) 
thrown [s\src\hotspot\share\classfile\systemDictionary.cpp, line 312]
Event: 283.502 Thread 0x000001b4f3605d60 Exception <a 'java/lang/ClassNotFoundException'{0x00000000d582eb90}: sun/net/www/protocol/jdt/Handler> (0x00000000d582eb90) 
thrown [s\src\hotspot\share\classfile\systemDictionary.cpp, line 312]
Event: 283.502 Thread 0x000001b4f3605d60 Exception <a 'java/lang/ClassNotFoundException'{0x00000000d5831730}: sun/net/www/protocol/jdt/Handler> (0x00000000d5831730) 
thrown [s\src\hotspot\share\classfile\systemDictionary.cpp, line 312]
Event: 283.502 Thread 0x000001b4f3605d60 Exception <a 'java/lang/ClassNotFoundException'{0x00000000d5834028}: sun/net/www/protocol/jdt/Handler> (0x00000000d5834028) 
thrown [s\src\hotspot\share\classfile\systemDictionary.cpp, line 312]
Event: 283.502 Thread 0x000001b4f3605d60 Exception <a 'java/lang/ClassNotFoundException'{0x00000000d5836bb0}: sun/net/www/protocol/jdt/Handler> (0x00000000d5836bb0) 
thrown [s\src\hotspot\share\classfile\systemDictionary.cpp, line 312]
Event: 283.502 Thread 0x000001b4f3605d60 Exception <a 'java/lang/ClassNotFoundException'{0x00000000d58394a8}: sun/net/www/protocol/jdt/Handler> (0x00000000d58394a8) 
thrown [s\src\hotspot\share\classfile\systemDictionary.cpp, line 312]
Event: 283.503 Thread 0x000001b4f3605d60 Exception <a 'java/lang/ClassNotFoundException'{0x00000000d583be00}: sun/net/www/protocol/jdt/Handler> (0x00000000d583be00) 
thrown [s\src\hotspot\share\classfile\systemDictionary.cpp, line 312]
Event: 283.503 Thread 0x000001b4f3605d60 Exception <a 'java/lang/ClassNotFoundException'{0x00000000d583e9a0}: sun/net/www/protocol/jdt/Handler> (0x00000000d583e9a0) 
thrown [s\src\hotspot\share\classfile\systemDictionary.cpp, line 312]
Event: 283.514 Thread 0x000001b4f3605d60 Exception <a 'java/lang/ClassNotFoundException'{0x00000000d5a80018}: sun/net/www/protocol/jdt/Handler> (0x00000000d5a80018) 
thrown [s\src\hotspot\share\classfile\systemDictionary.cpp, line 312]
Event: 283.920 Thread 0x000001b4f3605d60 Exception <a 'java/lang/ClassNotFoundException'{0x00000000d57211a0}: sun/net/www/protocol/eclipse-javadoc/Handler> (0x00000000d57211a0) 
thrown [s\src\hotspot\share\classfile\systemDictionary.cpp, line 312]

ZGC Phase Switch (0 events):
No events

VM Operations (20 events):
Event: 283.561 Executing VM operation: ParallelGCFailedAllocation (Allocation Failure)
Event: 283.563 Executing VM operation: ParallelGCFailedAllocation (Allocation Failure) done
Event: 283.590 Executing VM operation: ParallelGCFailedAllocation (Allocation Failure)
Event: 283.592 Executing VM operation: ParallelGCFailedAllocation (Allocation Failure) done
Event: 283.670 Executing VM operation: ParallelGCFailedAllocation (Allocation Failure)
Event: 283.673 Executing VM operation: ParallelGCFailedAllocation (Allocation Failure) done
Event: 283.697 Executing VM operation: ParallelGCFailedAllocation (Allocation Failure)
Event: 283.698 Executing VM operation: ParallelGCFailedAllocation (Allocation Failure) done
Event: 283.723 Executing VM operation: ParallelGCFailedAllocation (Allocation Failure)
Event: 283.726 Executing VM operation: ParallelGCFailedAllocation (Allocation Failure) done
Event: 283.781 Executing VM operation: ParallelGCFailedAllocation (Allocation Failure)
Event: 283.785 Executing VM operation: ParallelGCFailedAllocation (Allocation Failure) done
Event: 283.833 Executing VM operation: ParallelGCFailedAllocation (Allocation Failure)
Event: 283.835 Executing VM operation: ParallelGCFailedAllocation (Allocation Failure) done
Event: 283.872 Executing VM operation: ParallelGCFailedAllocation (Allocation Failure)
Event: 283.874 Executing VM operation: ParallelGCFailedAllocation (Allocation Failure) done
Event: 283.914 Executing VM operation: ParallelGCFailedAllocation (Allocation Failure)
Event: 283.917 Executing VM operation: ParallelGCFailedAllocation (Allocation Failure) done
Event: 283.935 Executing VM operation: ParallelGCFailedAllocation (Allocation Failure)
Event: 283.941 Executing VM operation: ParallelGCFailedAllocation (Allocation Failure) done

Memory protections (0 events):
No events

Nmethod flushes (20 events):
Event: 277.273 Thread 0x000001b4d75ed470 flushing  nmethod 0x000001b4db0e0190
Event: 277.273 Thread 0x000001b4d75ed470 flushing  nmethod 0x000001b4db136b10
Event: 277.273 Thread 0x000001b4d75ed470 flushing  nmethod 0x000001b4db138210
Event: 277.273 Thread 0x000001b4d75ed470 flushing  nmethod 0x000001b4db1bf810
Event: 277.273 Thread 0x000001b4d75ed470 flushing  nmethod 0x000001b4db220c10
Event: 277.273 Thread 0x000001b4d75ed470 flushing osr nmethod 0x000001b4db255e10
Event: 277.273 Thread 0x000001b4d75ed470 flushing  nmethod 0x000001b4db2f1890
Event: 277.273 Thread 0x000001b4d75ed470 flushing  nmethod 0x000001b4db341610
Event: 277.273 Thread 0x000001b4d75ed470 flushing  nmethod 0x000001b4db4f6090
Event: 277.273 Thread 0x000001b4d75ed470 flushing  nmethod 0x000001b4db5d9990
Event: 277.273 Thread 0x000001b4d75ed470 flushing  nmethod 0x000001b4db63f590
Event: 277.273 Thread 0x000001b4d75ed470 flushing  nmethod 0x000001b4db644e90
Event: 277.273 Thread 0x000001b4d75ed470 flushing  nmethod 0x000001b4db65c210
Event: 277.273 Thread 0x000001b4d75ed470 flushing  nmethod 0x000001b4db67ed10
Event: 277.273 Thread 0x000001b4d75ed470 flushing osr nmethod 0x000001b4db746690
Event: 277.273 Thread 0x000001b4d75ed470 flushing  nmethod 0x000001b4db749d10
Event: 277.273 Thread 0x000001b4d75ed470 flushing  nmethod 0x000001b4db756a10
Event: 277.273 Thread 0x000001b4d75ed470 flushing  nmethod 0x000001b4db771390
Event: 277.273 Thread 0x000001b4d75ed470 flushing  nmethod 0x000001b4db771c10
Event: 277.273 Thread 0x000001b4d75ed470 flushing osr nmethod 0x000001b4db772810

Events (20 events):
Event: 148.666 Thread 0x000001b4f3605d60 Thread exited: 0x000001b4f3605d60
Event: 152.574 Thread 0x000001b4edf2abc0 Thread added: 0x000001b4f46d3250
Event: 153.083 Thread 0x000001b4f46d3250 Thread exited: 0x000001b4f46d3250
Event: 153.670 Thread 0x000001b4f3604320 Thread exited: 0x000001b4f3604320
Event: 157.365 Thread 0x000001b4f36091e0 Thread exited: 0x000001b4f36091e0
Event: 157.410 Thread 0x000001b4f3607e30 Thread exited: 0x000001b4f3607e30
Event: 157.410 Thread 0x000001b4f36049b0 Thread exited: 0x000001b4f36049b0
Event: 161.373 Thread 0x000001b4edf2abc0 Thread added: 0x000001b4f46d6200
Event: 161.497 Thread 0x000001b4f3da5d20 Thread added: 0x000001b4f3603600
Event: 161.958 Thread 0x000001b4f46d6200 Thread exited: 0x000001b4f46d6200
Event: 162.153 Thread 0x000001b4edf2abc0 Thread added: 0x000001b4f46d1040
Event: 164.402 Thread 0x000001b4f3da5d20 Thread added: 0x000001b4f3605040
Event: 165.679 Thread 0x000001b4f46d1040 Thread exited: 0x000001b4f46d1040
Event: 224.492 Thread 0x000001b4f3603600 Thread exited: 0x000001b4f3603600
Event: 224.774 Thread 0x000001b4f3605040 Thread exited: 0x000001b4f3605040
Event: 276.712 Thread 0x000001b4edf2abc0 Thread added: 0x000001b4f46d1040
Event: 277.012 Thread 0x000001b4f46d1040 Thread exited: 0x000001b4f46d1040
Event: 282.110 Thread 0x000001b4f3da5d20 Thread added: 0x000001b4f3603c90
Event: 282.363 Thread 0x000001b4edf2abc0 Thread added: 0x000001b4f46d5b30
Event: 282.670 Thread 0x000001b4f3da5d20 Thread added: 0x000001b4f3605d60


Dynamic libraries:
0x00007ff7376e0000 - 0x00007ff7376ee000 	c:\Users\Bharat Agro\.vscode\extensions\redhat.java-1.45.0-win32-x64\jre\21.0.8-win32-x86_64\bin\java.exe
0x00007ffdd4dd0000 - 0x00007ffdd4fc8000 	C:\Windows\SYSTEM32\ntdll.dll
0x00007ffdd4200000 - 0x00007ffdd42c2000 	C:\Windows\System32\KERNEL32.DLL
0x00007ffdd2b00000 - 0x00007ffdd2df6000 	C:\Windows\System32\KERNELBASE.dll
0x00007ffdcd8b0000 - 0x00007ffdcd944000 	C:\Windows\SYSTEM32\apphelp.dll
0x00007ffdd24a0000 - 0x00007ffdd25a0000 	C:\Windows\System32\ucrtbase.dll
0x00007ffdbeaa0000 - 0x00007ffdbeab8000 	c:\Users\Bharat Agro\.vscode\extensions\redhat.java-1.45.0-win32-x64\jre\21.0.8-win32-x86_64\bin\jli.dll
0x00007ffdd3160000 - 0x00007ffdd32fd000 	C:\Windows\System32\USER32.dll
0x00007ffdd2470000 - 0x00007ffdd2492000 	C:\Windows\System32\win32u.dll
0x00007ffdd3400000 - 0x00007ffdd342b000 	C:\Windows\System32\GDI32.dll
0x00007ffdd26f0000 - 0x00007ffdd2809000 	C:\Windows\System32\gdi32full.dll
0x00007ffdd25a0000 - 0x00007ffdd263d000 	C:\Windows\System32\msvcp_win.dll
0x00007ffdcdfa0000 - 0x00007ffdcdfbe000 	c:\Users\Bharat Agro\.vscode\extensions\redhat.java-1.45.0-win32-x64\jre\21.0.8-win32-x86_64\bin\VCRUNTIME140.dll
0x00007ffdc4b60000 - 0x00007ffdc4dfb000 	C:\Windows\WinSxS\amd64_microsoft.windows.common-controls_6595b64144ccf1df_6.0.19041.6280_none_60bc30a171f2f3f3\COMCTL32.dll
0x00007ffdd3e00000 - 0x00007ffdd3e9e000 	C:\Windows\System32\msvcrt.dll
0x00007ffdd3600000 - 0x00007ffdd362f000 	C:\Windows\System32\IMM32.DLL
0x00007ffdce000000 - 0x00007ffdce00c000 	c:\Users\Bharat Agro\.vscode\extensions\redhat.java-1.45.0-win32-x64\jre\21.0.8-win32-x86_64\bin\vcruntime140_1.dll
0x00007ffdac7a0000 - 0x00007ffdac82d000 	c:\Users\Bharat Agro\.vscode\extensions\redhat.java-1.45.0-win32-x64\jre\21.0.8-win32-x86_64\bin\msvcp140.dll
0x00007ffda8580000 - 0x00007ffda9317000 	c:\Users\Bharat Agro\.vscode\extensions\redhat.java-1.45.0-win32-x64\jre\21.0.8-win32-x86_64\bin\server\jvm.dll
0x00007ffdd4020000 - 0x00007ffdd40d1000 	C:\Windows\System32\ADVAPI32.dll
0x00007ffdd4c00000 - 0x00007ffdd4c9f000 	C:\Windows\System32\sechost.dll
0x00007ffdd40e0000 - 0x00007ffdd4200000 	C:\Windows\System32\RPCRT4.dll
0x00007ffdd29c0000 - 0x00007ffdd29e7000 	C:\Windows\System32\bcrypt.dll
0x00007ffdd3fb0000 - 0x00007ffdd401b000 	C:\Windows\System32\WS2_32.dll
0x00007ffdd22d0000 - 0x00007ffdd231b000 	C:\Windows\SYSTEM32\POWRPROF.dll
0x00007ffdc4e00000 - 0x00007ffdc4e27000 	C:\Windows\SYSTEM32\WINMM.dll
0x00007ffdc4e30000 - 0x00007ffdc4e3a000 	C:\Windows\SYSTEM32\VERSION.dll
0x00007ffdd22b0000 - 0x00007ffdd22c2000 	C:\Windows\SYSTEM32\UMPDC.dll
0x00007ffdd02f0000 - 0x00007ffdd0302000 	C:\Windows\SYSTEM32\kernel.appcore.dll
0x00007ffdc16d0000 - 0x00007ffdc16da000 	c:\Users\Bharat Agro\.vscode\extensions\redhat.java-1.45.0-win32-x64\jre\21.0.8-win32-x86_64\bin\jimage.dll
0x00007ffdc4e50000 - 0x00007ffdc5051000 	C:\Windows\SYSTEM32\DBGHELP.DLL
0x00007ffdc28b0000 - 0x00007ffdc28e4000 	C:\Windows\SYSTEM32\dbgcore.DLL
0x00007ffdd2a70000 - 0x00007ffdd2af2000 	C:\Windows\System32\bcryptPrimitives.dll
0x00007ffdc0d70000 - 0x00007ffdc0d7f000 	c:\Users\Bharat Agro\.vscode\extensions\redhat.java-1.45.0-win32-x64\jre\21.0.8-win32-x86_64\bin\instrument.dll
0x00007ffdbe990000 - 0x00007ffdbe9af000 	c:\Users\Bharat Agro\.vscode\extensions\redhat.java-1.45.0-win32-x64\jre\21.0.8-win32-x86_64\bin\java.dll
0x00007ffdd3690000 - 0x00007ffdd3e00000 	C:\Windows\System32\SHELL32.dll
0x00007ffdd04f0000 - 0x00007ffdd0c95000 	C:\Windows\SYSTEM32\windows.storage.dll
0x00007ffdd2e00000 - 0x00007ffdd3153000 	C:\Windows\System32\combase.dll
0x00007ffdd1dd0000 - 0x00007ffdd1dfb000 	C:\Windows\SYSTEM32\Wldp.dll
0x00007ffdd42d0000 - 0x00007ffdd439d000 	C:\Windows\System32\OLEAUT32.dll
0x00007ffdd4680000 - 0x00007ffdd472d000 	C:\Windows\System32\SHCORE.dll
0x00007ffdd3630000 - 0x00007ffdd368b000 	C:\Windows\System32\shlwapi.dll
0x00007ffdd23a0000 - 0x00007ffdd23c4000 	C:\Windows\SYSTEM32\profapi.dll
0x00007ffdb7160000 - 0x00007ffdb7178000 	c:\Users\Bharat Agro\.vscode\extensions\redhat.java-1.45.0-win32-x64\jre\21.0.8-win32-x86_64\bin\zip.dll
0x00007ffdbea70000 - 0x00007ffdbea80000 	C:\Users\Bharat Agro\.vscode\extensions\redhat.java-1.45.0-win32-x64\jre\21.0.8-win32-x86_64\bin\net.dll
0x00007ffdc8020000 - 0x00007ffdc812a000 	C:\Windows\SYSTEM32\WINHTTP.dll
0x00007ffdd1b30000 - 0x00007ffdd1b9a000 	C:\Windows\system32\mswsock.dll
0x00007ffdb7140000 - 0x00007ffdb7156000 	C:\Users\Bharat Agro\.vscode\extensions\redhat.java-1.45.0-win32-x64\jre\21.0.8-win32-x86_64\bin\nio.dll
0x00007ffdbe9c0000 - 0x00007ffdbe9d0000 	c:\Users\Bharat Agro\.vscode\extensions\redhat.java-1.45.0-win32-x64\jre\21.0.8-win32-x86_64\bin\verify.dll
0x00007ffdad8f0000 - 0x00007ffdad934000 	C:\Users\Bharat Agro\AppData\Roaming\Code\User\globalStorage\redhat.java\1.45.0\config_win\org.eclipse.equinox.launcher\org.eclipse.equinox.launcher.win32.win32.x86_64_1.2.1400.v20250801-0854\eclipse_11916.dll
0x00007ffdd4550000 - 0x00007ffdd467b000 	C:\Windows\System32\ole32.dll
0x00007ffdd1d20000 - 0x00007ffdd1d38000 	C:\Windows\SYSTEM32\CRYPTSP.dll
0x00007ffdd1450000 - 0x00007ffdd1488000 	C:\Windows\system32\rsaenh.dll
0x00007ffdd2360000 - 0x00007ffdd238e000 	C:\Windows\SYSTEM32\USERENV.dll
0x00007ffdd1d40000 - 0x00007ffdd1d4c000 	C:\Windows\SYSTEM32\CRYPTBASE.dll
0x00007ffdd1810000 - 0x00007ffdd184b000 	C:\Windows\SYSTEM32\IPHLPAPI.DLL
0x00007ffdd35e0000 - 0x00007ffdd35e8000 	C:\Windows\System32\NSI.dll
0x00007ffdaca40000 - 0x00007ffdaca89000 	C:\Users\Bharat Agro\AppData\Local\Temp\jna--468664871\jna1474384724514378795.dll
0x00007ffdd4d00000 - 0x00007ffdd4d08000 	C:\Windows\System32\PSAPI.DLL
0x00007ffdc82b0000 - 0x00007ffdc82c7000 	C:\Windows\SYSTEM32\dhcpcsvc6.DLL
0x00007ffdc83b0000 - 0x00007ffdc83cd000 	C:\Windows\SYSTEM32\dhcpcsvc.DLL
0x00007ffdbe1d0000 - 0x00007ffdbe1de000 	C:\Users\Bharat Agro\.vscode\extensions\redhat.java-1.45.0-win32-x64\jre\21.0.8-win32-x86_64\bin\sunmscapi.dll
0x00007ffdd2810000 - 0x00007ffdd296d000 	C:\Windows\System32\CRYPT32.dll
0x00007ffdd1ea0000 - 0x00007ffdd1ec7000 	C:\Windows\SYSTEM32\ncrypt.dll
0x00007ffdd1e60000 - 0x00007ffdd1e9b000 	C:\Windows\SYSTEM32\NTASN1.dll
0x00007ffdd1850000 - 0x00007ffdd191a000 	C:\Windows\SYSTEM32\DNSAPI.dll
0x00007ffdc7a40000 - 0x00007ffdc7a4a000 	C:\Windows\System32\rasadhlp.dll
0x00007ffdc7bd0000 - 0x00007ffdc7c50000 	C:\Windows\System32\fwpuclnt.dll
0x00007ffdb8ec0000 - 0x00007ffdb8ec9000 	C:\Users\Bharat Agro\.vscode\extensions\redhat.java-1.45.0-win32-x64\jre\21.0.8-win32-x86_64\bin\extnet.dll

JVMTI agents:
c:\Users\Bharat Agro\.vscode\extensions\redhat.java-1.45.0-win32-x64\lombok\lombok-1.18.39-4050.jar path:c:\Users\Bharat Agro\.vscode\extensions\redhat.java-1.45.0-win32-x64\jre\21.0.8-win32-x86_64\bin\instrument.dll, loaded, initialized, instrumentlib options:none

dbghelp: loaded successfully - version: 4.0.5 - missing functions: none
symbol engine: initialized successfully - sym options: 0x614 - pdb path: .;c:\Users\Bharat Agro\.vscode\extensions\redhat.java-1.45.0-win32-x64\jre\21.0.8-win32-x86_64\bin;C:\Windows\SYSTEM32;C:\Windows\WinSxS\amd64_microsoft.windows.common-controls_6595b64144ccf1df_6.0.19041.6280_none_60bc30a171f2f3f3;c:\Users\Bharat Agro\.vscode\extensions\redhat.java-1.45.0-win32-x64\jre\21.0.8-win32-x86_64\bin\server;C:\Users\Bharat Agro\AppData\Roaming\Code\User\globalStorage\redhat.java\1.45.0\config_win\org.eclipse.equinox.launcher\org.eclipse.equinox.launcher.win32.win32.x86_64_1.2.1400.v20250801-0854;C:\Users\Bharat Agro\AppData\Local\Temp\jna--468664871

VM Arguments:
jvm_args: --add-modules=ALL-SYSTEM --add-opens=java.base/java.util=ALL-UNNAMED --add-opens=java.base/java.lang=ALL-UNNAMED --add-opens=java.base/sun.nio.fs=ALL-UNNAMED -Declipse.application=org.eclipse.jdt.ls.core.id1 -Dosgi.bundles.defaultStartLevel=4 -Declipse.product=org.eclipse.jdt.ls.core.product -Djava.import.generatesMetadataFilesAtProjectRoot=false -DDetectVMInstallationsJob.disabled=true -Dfile.encoding=utf8 -XX:+UseParallelGC -XX:GCTimeRatio=4 -XX:AdaptiveSizePolicyWeight=90 -Dsun.zip.disableMemoryMapping=true -Xmx2G -Xms100m -Xlog:disable -javaagent:c:\Users\Bharat Agro\.vscode\extensions\redhat.java-1.45.0-win32-x64\lombok\lombok-1.18.39-4050.jar -XX:+HeapDumpOnOutOfMemoryError -XX:HeapDumpPath=c:\Users\Bharat Agro\AppData\Roaming\Code\User\workspaceStorage\4e106672c554cb900fdfeed735e6784a\redhat.java -Daether.dependencyCollector.impl=bf 
java_command: c:\Users\Bharat Agro\.vscode\extensions\redhat.java-1.45.0-win32-x64\server\plugins\org.eclipse.equinox.launcher_1.7.0.v20250519-0528.jar -configuration c:\Users\Bharat Agro\AppData\Roaming\Code\User\globalStorage\redhat.java\1.45.0\config_win -data c:\Users\Bharat Agro\AppData\Roaming\Code\User\workspaceStorage\4e106672c554cb900fdfeed735e6784a\redhat.java\jdt_ws --pipe=\\.\pipe\lsp-b4270448c0cf34ae382bea013e1496e0-sock
java_class_path (initial): c:\Users\Bharat Agro\.vscode\extensions\redhat.java-1.45.0-win32-x64\server\plugins\org.eclipse.equinox.launcher_1.7.0.v20250519-0528.jar
Launcher Type: SUN_STANDARD

[Global flags]
    uintx AdaptiveSizePolicyWeight                 = 90                                        {product} {command line}
     intx CICompilerCount                          = 3                                         {product} {ergonomic}
    uintx GCTimeRatio                              = 4                                         {product} {command line}
     bool HeapDumpOnOutOfMemoryError               = true                                   {manageable} {command line}
    ccstr HeapDumpPath                             = c:\Users\Bharat Agro\AppData\Roaming\Code\User\workspaceStorage\4e106672c554cb900fdfeed735e6784a\redhat.java         {manageable} {command line}
   size_t InitialHeapSize                          = 104857600                                 {product} {command line}
   size_t MaxHeapSize                              = 2147483648                                {product} {command line}
   size_t MaxNewSize                               = 715653120                                 {product} {ergonomic}
   size_t MinHeapDeltaBytes                        = 524288                                    {product} {ergonomic}
   size_t MinHeapSize                              = 104857600                                 {product} {command line}
   size_t NewSize                                  = 34603008                                  {product} {ergonomic}
    uintx NonNMethodCodeHeapSize                   = 5832780                                {pd product} {ergonomic}
    uintx NonProfiledCodeHeapSize                  = 122912730                              {pd product} {ergonomic}
   size_t OldSize                                  = 70254592                                  {product} {ergonomic}
    uintx ProfiledCodeHeapSize                     = 122912730                              {pd product} {ergonomic}
    uintx ReservedCodeCacheSize                    = 251658240                              {pd product} {ergonomic}
     bool SegmentedCodeCache                       = true                                      {product} {ergonomic}
   size_t SoftMaxHeapSize                          = 2147483648                             {manageable} {ergonomic}
     bool UseCompressedOops                        = true                           {product lp64_product} {ergonomic}
     bool UseLargePagesIndividualAllocation        = false                                  {pd product} {ergonomic}
     bool UseParallelGC                            = true                                      {product} {command line}

Logging:
Log output configuration:
 #0: stdout all=off uptime,level,tags foldmultilines=false
 #1: stderr all=off uptime,level,tags foldmultilines=false

Environment Variables:
PATH=C:\Program Files\Common Files\Oracle\Java\javapath;C:\Windows\system32;C:\Windows;C:\Windows\System32\Wbem;C:\Windows\System32\WindowsPowerShell\v1.0\;C:\Windows\System32\OpenSSH\;C:\Users\Bharat Agro\AppData\Local\Microsoft\WindowsApps;C:\Users\Bharat Agro\AppData\Local\Programs\Microsoft VS Code\bin;C:\Users\Bharat Agro\AppData\Local\GitHubDesktop\bin;C:\msys64\ucrt64\bin;
USERNAME=Bharat Agro
OS=Windows_NT
PROCESSOR_IDENTIFIER=Intel64 Family 6 Model 58 Stepping 9, GenuineIntel
TMP=C:\Users\BHARAT~1\AppData\Local\Temp
TEMP=C:\Users\BHARAT~1\AppData\Local\Temp




Periodic native trim disabled

---------------  S Y S T E M  ---------------

OS:
 Windows 10 , 64 bit Build 19041 (10.0.19041.5915)
OS uptime: 0 days 0:47 hours

CPU: total 4 (initial active 4) (2 cores per cpu, 2 threads per core) family 6 model 58 stepping 9 microcode 0x21, cx8, cmov, fxsr, ht, mmx, sse, sse2, sse3, ssse3, sse4.1, sse4.2, popcnt, tsc, tscinvbit, avx, erms, clmul, vzeroupper, clflush, rdtscp, f16c
Processor Information for the first 4 processors :
  Max Mhz: 2500, Current Mhz: 2500, Mhz Limit: 2500

Memory: 4k page, system-wide physical 5991M (726M free)
TotalPageFile size 5991M (AvailPageFile size 9M)
current process WorkingSet (physical memory assigned to process): 1122M, peak: 1125M
current process commit charge ("private bytes"): 1035M, peak: 1645M

vm_info: OpenJDK 64-Bit Server VM (21.0.8+9-LTS) for windows-amd64 JRE (21.0.8+9-LTS), built on 2025-07-15T00:00:00Z by "admin" with MS VC++ 17.7 (VS2022)

END.
